[0.034s] Invoking command in '/home/rui810/ros2_ws/src/build/person_msgs': CMAKE_PREFIX_PATH=${CMAKE_PREFIX_PATH}:/home/rui810/ros2_ws/install/mypkg:/opt/ros/humble CONDA_PROMPT_MODIFIER=(base) /usr/bin/cmake /home/rui810/ros2_ws/src/person_msgs -DCMAKE_INSTALL_PREFIX=/home/rui810/ros2_ws/src/install/person_msgs
[0.411s] -- The C compiler identification is GNU 11.4.0
[1.048s] -- The CXX compiler identification is GNU 11.4.0
[1.403s] -- Detecting C compiler ABI info
[1.653s] -- Detecting C compiler ABI info - done
[1.671s] -- Check for working C compiler: /usr/bin/cc - skipped
[1.673s] -- Detecting C compile features
[1.675s] -- Detecting C compile features - done
[1.684s] -- Detecting CXX compiler ABI info
[1.961s] -- Detecting CXX compiler ABI info - done
[1.976s] -- Check for working CXX compiler: /usr/bin/c++ - skipped
[1.977s] -- Detecting CXX compile features
[1.978s] -- Detecting CXX compile features - done
[1.999s] -- Found ament_cmake: 1.3.12 (/opt/ros/humble/share/ament_cmake/cmake)
[3.258s] -- Found Python3: /home/rui810/anaconda3/bin/python3 (found version "3.13.5") found components: Interpreter 
[3.571s] -- Found rosidl_default_generators: 1.2.0 (/opt/ros/humble/share/rosidl_default_generators/cmake)
[3.584s] -- Using all available rosidl_typesupport_c: rosidl_typesupport_fastrtps_c;rosidl_typesupport_introspection_c
[3.606s] -- Found rosidl_adapter: 3.1.7 (/opt/ros/humble/share/rosidl_adapter/cmake)
[3.900s] -- Using all available rosidl_typesupport_cpp: rosidl_typesupport_fastrtps_cpp;rosidl_typesupport_introspection_cpp
[4.654s] -- Found ament_cmake_cppcheck: 0.12.14 (/opt/ros/humble/share/ament_cmake_cppcheck/cmake)
[4.661s] -- Found ament_cmake_cpplint: 0.12.14 (/opt/ros/humble/share/ament_cmake_cpplint/cmake)
[4.668s] -- Found ament_cmake_uncrustify: 0.12.14 (/opt/ros/humble/share/ament_cmake_uncrustify/cmake)
[4.676s] -- Found ament_cmake_ros: 0.10.0 (/opt/ros/humble/share/ament_cmake_ros/cmake)
[5.093s] -- Using all available rosidl_typesupport_c: rosidl_typesupport_fastrtps_c;rosidl_typesupport_introspection_c
[5.608s] -- Using all available rosidl_typesupport_cpp: rosidl_typesupport_fastrtps_cpp;rosidl_typesupport_introspection_cpp
[5.739s] -- Found PythonInterp: /home/rui810/anaconda3/bin/python3 (found suitable version "3.13.5", minimum required is "3.6") 
[5.746s] -- Found python_cmake_module: 0.10.0 (/opt/ros/humble/share/python_cmake_module/cmake)
[5.811s] -- Found PythonLibs: /home/rui810/anaconda3/lib/libpython3.13.so (found suitable version "3.13.5", minimum required is "3.5") 
[5.811s] -- Using PYTHON_EXECUTABLE: /home/rui810/anaconda3/bin/python3
[5.811s] -- Using PYTHON_INCLUDE_DIRS: /home/rui810/anaconda3/include/python3.13
[5.811s] -- Using PYTHON_LIBRARIES: /home/rui810/anaconda3/lib/libpython3.13.so
[5.859s] -- Found PythonExtra: .so  
[6.468s] -- Using numpy include directory: /home/rui810/anaconda3/lib/python3.13/site-packages/numpy/_core/include
[6.485s] -- Found ament_cmake_flake8: 0.12.14 (/opt/ros/humble/share/ament_cmake_flake8/cmake)
[6.492s] -- Found ament_cmake_pep257: 0.12.14 (/opt/ros/humble/share/ament_cmake_pep257/cmake)
[6.504s] -- Found ament_lint_auto: 0.12.14 (/opt/ros/humble/share/ament_lint_auto/cmake)
[6.571s] -- Added test 'lint_cmake' to check CMake code style
[6.573s] -- Added test 'xmllint' to check XML markup files
[6.582s] -- Configuring done
[6.684s] -- Generating done
[6.706s] -- Build files have been written to: /home/rui810/ros2_ws/src/build/person_msgs
[6.717s] Invoked command in '/home/rui810/ros2_ws/src/build/person_msgs' returned '0': CMAKE_PREFIX_PATH=${CMAKE_PREFIX_PATH}:/home/rui810/ros2_ws/install/mypkg:/opt/ros/humble CONDA_PROMPT_MODIFIER=(base) /usr/bin/cmake /home/rui810/ros2_ws/src/person_msgs -DCMAKE_INSTALL_PREFIX=/home/rui810/ros2_ws/src/install/person_msgs
[6.722s] Invoking command in '/home/rui810/ros2_ws/src/build/person_msgs': CMAKE_PREFIX_PATH=${CMAKE_PREFIX_PATH}:/home/rui810/ros2_ws/install/mypkg:/opt/ros/humble CONDA_PROMPT_MODIFIER=(base) /usr/bin/cmake --build /home/rui810/ros2_ws/src/build/person_msgs -- -j12 -l12
[6.801s] [  2%] [34m[1mGenerating C code for ROS interfaces[0m
[6.825s] [  5%] [34m[1mGenerating C++ code for ROS interfaces[0m
[6.852s] [  5%] Built target ament_cmake_python_copy_person_msgs
[7.552s] [  5%] Built target person_msgs__cpp
[7.573s] [  7%] [32mBuilding C object CMakeFiles/person_msgs__rosidl_generator_c.dir/rosidl_generator_c/person_msgs/srv/detail/query__functions.c.o[0m
[7.574s] [ 10%] [32mBuilding C object CMakeFiles/person_msgs__rosidl_generator_c.dir/rosidl_generator_c/person_msgs/msg/detail/person__functions.c.o[0m
[7.579s] [ 12%] [34m[1mGenerating C++ introspection for ROS interfaces[0m
[7.580s] [ 15%] [34m[1mGenerating C++ type support dispatch for ROS interfaces[0m
[7.580s] [ 17%] [34m[1mGenerating C++ type support for eProsima Fast-RTPS[0m
[7.787s] running egg_info
[7.789s] creating person_msgs.egg-info
[7.797s] [ 20%] [32m[1mLinking C shared library libperson_msgs__rosidl_generator_c.so[0m
[7.886s] writing person_msgs.egg-info/PKG-INFO
[7.890s] writing dependency_links to person_msgs.egg-info/dependency_links.txt
[7.891s] writing top-level names to person_msgs.egg-info/top_level.txt
[7.892s] writing manifest file 'person_msgs.egg-info/SOURCES.txt'
[8.005s] [ 20%] Built target person_msgs__rosidl_generator_c
[8.034s] [ 23%] [34m[1mGenerating C introspection for ROS interfaces[0m
[8.035s] [ 25%] [34m[1mGenerating C type support for eProsima Fast-RTPS[0m
[8.035s] [ 28%] [34m[1mGenerating C type support dispatch for ROS interfaces[0m
[8.176s] reading manifest file 'person_msgs.egg-info/SOURCES.txt'
[8.177s] writing manifest file 'person_msgs.egg-info/SOURCES.txt'
[8.272s] [ 28%] Built target ament_cmake_python_build_person_msgs_egg
[8.313s] [ 30%] [32mBuilding CXX object CMakeFiles/person_msgs__rosidl_typesupport_cpp.dir/rosidl_typesupport_cpp/person_msgs/srv/query__type_support.cpp.o[0m
[8.313s] [ 33%] [32mBuilding CXX object CMakeFiles/person_msgs__rosidl_typesupport_cpp.dir/rosidl_typesupport_cpp/person_msgs/msg/person__type_support.cpp.o[0m
[8.360s] [ 35%] [32mBuilding CXX object CMakeFiles/person_msgs__rosidl_typesupport_introspection_cpp.dir/rosidl_typesupport_introspection_cpp/person_msgs/srv/detail/query__type_support.cpp.o[0m
[8.361s] [ 38%] [32mBuilding CXX object CMakeFiles/person_msgs__rosidl_typesupport_introspection_cpp.dir/rosidl_typesupport_introspection_cpp/person_msgs/msg/detail/person__type_support.cpp.o[0m
[8.368s] [ 41%] [32mBuilding CXX object CMakeFiles/person_msgs__rosidl_typesupport_fastrtps_cpp.dir/rosidl_typesupport_fastrtps_cpp/person_msgs/srv/detail/dds_fastrtps/query__type_support.cpp.o[0m
[8.370s] [ 43%] [32mBuilding CXX object CMakeFiles/person_msgs__rosidl_typesupport_fastrtps_cpp.dir/rosidl_typesupport_fastrtps_cpp/person_msgs/msg/detail/dds_fastrtps/person__type_support.cpp.o[0m
[8.814s] [ 48%] [32mBuilding CXX object CMakeFiles/person_msgs__rosidl_typesupport_c.dir/rosidl_typesupport_c/person_msgs/srv/query__type_support.cpp.o[0m
[8.814s] [ 48%] [32mBuilding CXX object CMakeFiles/person_msgs__rosidl_typesupport_c.dir/rosidl_typesupport_c/person_msgs/msg/person__type_support.cpp.o[0m
[8.888s] [ 51%] [32mBuilding C object CMakeFiles/person_msgs__rosidl_typesupport_introspection_c.dir/rosidl_typesupport_introspection_c/person_msgs/msg/detail/person__type_support.c.o[0m
[8.890s] [ 53%] [32mBuilding C object CMakeFiles/person_msgs__rosidl_typesupport_introspection_c.dir/rosidl_typesupport_introspection_c/person_msgs/srv/detail/query__type_support.c.o[0m
[8.917s] [ 56%] [32mBuilding CXX object CMakeFiles/person_msgs__rosidl_typesupport_fastrtps_c.dir/rosidl_typesupport_fastrtps_c/person_msgs/srv/detail/query__type_support_c.cpp.o[0m
[8.918s] [ 58%] [32mBuilding CXX object CMakeFiles/person_msgs__rosidl_typesupport_fastrtps_c.dir/rosidl_typesupport_fastrtps_c/person_msgs/msg/detail/person__type_support_c.cpp.o[0m
[8.919s] [ 61%] [32m[1mLinking CXX shared library libperson_msgs__rosidl_typesupport_c.so[0m
[9.006s] [ 64%] [32m[1mLinking C shared library libperson_msgs__rosidl_typesupport_introspection_c.so[0m
[9.179s] [ 64%] Built target person_msgs__rosidl_typesupport_c
[9.220s] [ 64%] Built target person_msgs__rosidl_typesupport_introspection_c
[9.282s] [ 66%] [32m[1mLinking CXX shared library libperson_msgs__rosidl_typesupport_cpp.so[0m
[9.478s] [ 66%] Built target person_msgs__rosidl_typesupport_cpp
[9.661s] [ 69%] [32m[1mLinking CXX shared library libperson_msgs__rosidl_typesupport_introspection_cpp.so[0m
[9.706s] [ 71%] [32m[1mLinking CXX shared library libperson_msgs__rosidl_typesupport_fastrtps_cpp.so[0m
[9.915s] [ 71%] Built target person_msgs__rosidl_typesupport_introspection_cpp
[9.955s] [ 74%] [32m[1mLinking CXX shared library libperson_msgs__rosidl_typesupport_fastrtps_c.so[0m
[9.972s] [ 74%] Built target person_msgs__rosidl_typesupport_fastrtps_cpp
[10.163s] [ 74%] Built target person_msgs__rosidl_typesupport_fastrtps_c
[10.204s] [ 74%] Built target person_msgs
[10.244s] [ 76%] [34m[1mGenerating Python code for ROS interfaces[0m
[11.037s] [ 76%] Built target person_msgs__py
[11.078s] [ 79%] [32mBuilding C object CMakeFiles/person_msgs__rosidl_generator_py.dir/rosidl_generator_py/person_msgs/msg/_person_s.c.o[0m
[11.078s] [ 82%] [32mBuilding C object CMakeFiles/person_msgs__rosidl_generator_py.dir/rosidl_generator_py/person_msgs/srv/_query_s.c.o[0m
[11.458s] [ 84%] [32m[1mLinking C shared library rosidl_generator_py/person_msgs/libperson_msgs__rosidl_generator_py.so[0m
[11.643s] [ 84%] Built target person_msgs__rosidl_generator_py
[11.690s] [ 87%] [32mBuilding C object CMakeFiles/person_msgs__rosidl_typesupport_introspection_c__pyext.dir/rosidl_generator_py/person_msgs/_person_msgs_s.ep.rosidl_typesupport_introspection_c.c.o[0m
[11.690s] [ 89%] [32mBuilding C object CMakeFiles/person_msgs__rosidl_typesupport_fastrtps_c__pyext.dir/rosidl_generator_py/person_msgs/_person_msgs_s.ep.rosidl_typesupport_fastrtps_c.c.o[0m
[11.696s] [ 92%] [32mBuilding C object CMakeFiles/person_msgs__rosidl_typesupport_c__pyext.dir/rosidl_generator_py/person_msgs/_person_msgs_s.ep.rosidl_typesupport_c.c.o[0m
[11.914s] [ 94%] [32m[1mLinking C shared library rosidl_generator_py/person_msgs/person_msgs_s__rosidl_typesupport_introspection_c.cpython-313-x86_64-linux-gnu.so[0m
[11.929s] [ 97%] [32m[1mLinking C shared library rosidl_generator_py/person_msgs/person_msgs_s__rosidl_typesupport_fastrtps_c.cpython-313-x86_64-linux-gnu.so[0m
[11.933s] [100%] [32m[1mLinking C shared library rosidl_generator_py/person_msgs/person_msgs_s__rosidl_typesupport_c.cpython-313-x86_64-linux-gnu.so[0m
[12.043s] [100%] Built target person_msgs__rosidl_typesupport_introspection_c__pyext
[12.049s] [100%] Built target person_msgs__rosidl_typesupport_fastrtps_c__pyext
[12.071s] [100%] Built target person_msgs__rosidl_typesupport_c__pyext
[12.097s] Invoked command in '/home/rui810/ros2_ws/src/build/person_msgs' returned '0': CMAKE_PREFIX_PATH=${CMAKE_PREFIX_PATH}:/home/rui810/ros2_ws/install/mypkg:/opt/ros/humble CONDA_PROMPT_MODIFIER=(base) /usr/bin/cmake --build /home/rui810/ros2_ws/src/build/person_msgs -- -j12 -l12
[12.118s] Invoking command in '/home/rui810/ros2_ws/src/build/person_msgs': CMAKE_PREFIX_PATH=${CMAKE_PREFIX_PATH}:/home/rui810/ros2_ws/install/mypkg:/opt/ros/humble CONDA_PROMPT_MODIFIER=(base) /usr/bin/cmake --install /home/rui810/ros2_ws/src/build/person_msgs
[12.133s] -- Install configuration: ""
[12.135s] -- Installing: /home/rui810/ros2_ws/src/install/person_msgs/share/ament_index/resource_index/rosidl_interfaces/person_msgs
[12.136s] -- Installing: /home/rui810/ros2_ws/src/install/person_msgs/include/person_msgs/person_msgs
[12.136s] -- Installing: /home/rui810/ros2_ws/src/install/person_msgs/include/person_msgs/person_msgs/srv
[12.137s] -- Installing: /home/rui810/ros2_ws/src/install/person_msgs/include/person_msgs/person_msgs/srv/detail
[12.138s] -- Installing: /home/rui810/ros2_ws/src/install/person_msgs/include/person_msgs/person_msgs/srv/detail/query__functions.c
[12.138s] -- Installing: /home/rui810/ros2_ws/src/install/person_msgs/include/person_msgs/person_msgs/srv/detail/query__struct.h
[12.139s] -- Installing: /home/rui810/ros2_ws/src/install/person_msgs/include/person_msgs/person_msgs/srv/detail/query__functions.h
[12.139s] -- Installing: /home/rui810/ros2_ws/src/install/person_msgs/include/person_msgs/person_msgs/srv/detail/query__type_support.h
[12.139s] -- Installing: /home/rui810/ros2_ws/src/install/person_msgs/include/person_msgs/person_msgs/srv/query.h
[12.140s] -- Installing: /home/rui810/ros2_ws/src/install/person_msgs/include/person_msgs/person_msgs/msg
[12.140s] -- Installing: /home/rui810/ros2_ws/src/install/person_msgs/include/person_msgs/person_msgs/msg/detail
[12.141s] -- Installing: /home/rui810/ros2_ws/src/install/person_msgs/include/person_msgs/person_msgs/msg/detail/person__functions.c
[12.141s] -- Installing: /home/rui810/ros2_ws/src/install/person_msgs/include/person_msgs/person_msgs/msg/detail/person__type_support.h
[12.141s] -- Installing: /home/rui810/ros2_ws/src/install/person_msgs/include/person_msgs/person_msgs/msg/detail/person__struct.h
[12.142s] -- Installing: /home/rui810/ros2_ws/src/install/person_msgs/include/person_msgs/person_msgs/msg/detail/person__functions.h
[12.142s] -- Installing: /home/rui810/ros2_ws/src/install/person_msgs/include/person_msgs/person_msgs/msg/rosidl_generator_c__visibility_control.h
[12.142s] -- Installing: /home/rui810/ros2_ws/src/install/person_msgs/include/person_msgs/person_msgs/msg/person.h
[12.143s] -- Installing: /home/rui810/ros2_ws/src/install/person_msgs/share/person_msgs/environment/library_path.sh
[12.143s] -- Installing: /home/rui810/ros2_ws/src/install/person_msgs/share/person_msgs/environment/library_path.dsv
[12.143s] -- Installing: /home/rui810/ros2_ws/src/install/person_msgs/lib/libperson_msgs__rosidl_generator_c.so
[12.144s] -- Set runtime path of "/home/rui810/ros2_ws/src/install/person_msgs/lib/libperson_msgs__rosidl_generator_c.so" to ""
[12.144s] -- Up-to-date: /home/rui810/ros2_ws/src/install/person_msgs/include/person_msgs/person_msgs
[12.144s] -- Up-to-date: /home/rui810/ros2_ws/src/install/person_msgs/include/person_msgs/person_msgs/srv
[12.144s] -- Up-to-date: /home/rui810/ros2_ws/src/install/person_msgs/include/person_msgs/person_msgs/srv/detail
[12.145s] -- Installing: /home/rui810/ros2_ws/src/install/person_msgs/include/person_msgs/person_msgs/srv/detail/query__rosidl_typesupport_fastrtps_c.h
[12.145s] -- Up-to-date: /home/rui810/ros2_ws/src/install/person_msgs/include/person_msgs/person_msgs/msg
[12.145s] -- Installing: /home/rui810/ros2_ws/src/install/person_msgs/include/person_msgs/person_msgs/msg/rosidl_typesupport_fastrtps_c__visibility_control.h
[12.145s] -- Up-to-date: /home/rui810/ros2_ws/src/install/person_msgs/include/person_msgs/person_msgs/msg/detail
[12.145s] -- Installing: /home/rui810/ros2_ws/src/install/person_msgs/include/person_msgs/person_msgs/msg/detail/person__rosidl_typesupport_fastrtps_c.h
[12.146s] -- Installing: /home/rui810/ros2_ws/src/install/person_msgs/lib/libperson_msgs__rosidl_typesupport_fastrtps_c.so
[12.146s] -- Set runtime path of "/home/rui810/ros2_ws/src/install/person_msgs/lib/libperson_msgs__rosidl_typesupport_fastrtps_c.so" to ""
[12.147s] -- Up-to-date: /home/rui810/ros2_ws/src/install/person_msgs/include/person_msgs/person_msgs
[12.147s] -- Up-to-date: /home/rui810/ros2_ws/src/install/person_msgs/include/person_msgs/person_msgs/srv
[12.147s] -- Up-to-date: /home/rui810/ros2_ws/src/install/person_msgs/include/person_msgs/person_msgs/srv/detail
[12.148s] -- Installing: /home/rui810/ros2_ws/src/install/person_msgs/include/person_msgs/person_msgs/srv/detail/query__type_support.c
[12.148s] -- Installing: /home/rui810/ros2_ws/src/install/person_msgs/include/person_msgs/person_msgs/srv/detail/query__rosidl_typesupport_introspection_c.h
[12.149s] -- Up-to-date: /home/rui810/ros2_ws/src/install/person_msgs/include/person_msgs/person_msgs/msg
[12.149s] -- Installing: /home/rui810/ros2_ws/src/install/person_msgs/include/person_msgs/person_msgs/msg/rosidl_typesupport_introspection_c__visibility_control.h
[12.150s] -- Up-to-date: /home/rui810/ros2_ws/src/install/person_msgs/include/person_msgs/person_msgs/msg/detail
[12.150s] -- Installing: /home/rui810/ros2_ws/src/install/person_msgs/include/person_msgs/person_msgs/msg/detail/person__type_support.c
[12.150s] -- Installing: /home/rui810/ros2_ws/src/install/person_msgs/include/person_msgs/person_msgs/msg/detail/person__rosidl_typesupport_introspection_c.h
[12.151s] -- Installing: /home/rui810/ros2_ws/src/install/person_msgs/lib/libperson_msgs__rosidl_typesupport_introspection_c.so
[12.151s] -- Set runtime path of "/home/rui810/ros2_ws/src/install/person_msgs/lib/libperson_msgs__rosidl_typesupport_introspection_c.so" to ""
[12.152s] -- Installing: /home/rui810/ros2_ws/src/install/person_msgs/lib/libperson_msgs__rosidl_typesupport_c.so
[12.152s] -- Set runtime path of "/home/rui810/ros2_ws/src/install/person_msgs/lib/libperson_msgs__rosidl_typesupport_c.so" to ""
[12.152s] -- Up-to-date: /home/rui810/ros2_ws/src/install/person_msgs/include/person_msgs/person_msgs
[12.153s] -- Up-to-date: /home/rui810/ros2_ws/src/install/person_msgs/include/person_msgs/person_msgs/srv
[12.153s] -- Installing: /home/rui810/ros2_ws/src/install/person_msgs/include/person_msgs/person_msgs/srv/query.hpp
[12.153s] -- Up-to-date: /home/rui810/ros2_ws/src/install/person_msgs/include/person_msgs/person_msgs/srv/detail
[12.154s] -- Installing: /home/rui810/ros2_ws/src/install/person_msgs/include/person_msgs/person_msgs/srv/detail/query__type_support.hpp
[12.154s] -- Installing: /home/rui810/ros2_ws/src/install/person_msgs/include/person_msgs/person_msgs/srv/detail/query__struct.hpp
[12.155s] -- Installing: /home/rui810/ros2_ws/src/install/person_msgs/include/person_msgs/person_msgs/srv/detail/query__builder.hpp
[12.155s] -- Installing: /home/rui810/ros2_ws/src/install/person_msgs/include/person_msgs/person_msgs/srv/detail/query__traits.hpp
[12.156s] -- Up-to-date: /home/rui810/ros2_ws/src/install/person_msgs/include/person_msgs/person_msgs/msg
[12.156s] -- Up-to-date: /home/rui810/ros2_ws/src/install/person_msgs/include/person_msgs/person_msgs/msg/detail
[12.156s] -- Installing: /home/rui810/ros2_ws/src/install/person_msgs/include/person_msgs/person_msgs/msg/detail/person__type_support.hpp
[12.156s] -- Installing: /home/rui810/ros2_ws/src/install/person_msgs/include/person_msgs/person_msgs/msg/detail/person__traits.hpp
[12.157s] -- Installing: /home/rui810/ros2_ws/src/install/person_msgs/include/person_msgs/person_msgs/msg/detail/person__struct.hpp
[12.157s] -- Installing: /home/rui810/ros2_ws/src/install/person_msgs/include/person_msgs/person_msgs/msg/detail/person__builder.hpp
[12.157s] -- Installing: /home/rui810/ros2_ws/src/install/person_msgs/include/person_msgs/person_msgs/msg/person.hpp
[12.157s] -- Installing: /home/rui810/ros2_ws/src/install/person_msgs/include/person_msgs/person_msgs/msg/rosidl_generator_cpp__visibility_control.hpp
[12.157s] -- Up-to-date: /home/rui810/ros2_ws/src/install/person_msgs/include/person_msgs/person_msgs
[12.157s] -- Up-to-date: /home/rui810/ros2_ws/src/install/person_msgs/include/person_msgs/person_msgs/srv
[12.158s] -- Up-to-date: /home/rui810/ros2_ws/src/install/person_msgs/include/person_msgs/person_msgs/srv/detail
[12.158s] -- Installing: /home/rui810/ros2_ws/src/install/person_msgs/include/person_msgs/person_msgs/srv/detail/dds_fastrtps
[12.158s] -- Installing: /home/rui810/ros2_ws/src/install/person_msgs/include/person_msgs/person_msgs/srv/detail/query__rosidl_typesupport_fastrtps_cpp.hpp
[12.158s] -- Up-to-date: /home/rui810/ros2_ws/src/install/person_msgs/include/person_msgs/person_msgs/msg
[12.158s] -- Up-to-date: /home/rui810/ros2_ws/src/install/person_msgs/include/person_msgs/person_msgs/msg/detail
[12.158s] -- Installing: /home/rui810/ros2_ws/src/install/person_msgs/include/person_msgs/person_msgs/msg/detail/dds_fastrtps
[12.159s] -- Installing: /home/rui810/ros2_ws/src/install/person_msgs/include/person_msgs/person_msgs/msg/detail/person__rosidl_typesupport_fastrtps_cpp.hpp
[12.159s] -- Installing: /home/rui810/ros2_ws/src/install/person_msgs/include/person_msgs/person_msgs/msg/rosidl_typesupport_fastrtps_cpp__visibility_control.h
[12.159s] -- Installing: /home/rui810/ros2_ws/src/install/person_msgs/lib/libperson_msgs__rosidl_typesupport_fastrtps_cpp.so
[12.159s] -- Set runtime path of "/home/rui810/ros2_ws/src/install/person_msgs/lib/libperson_msgs__rosidl_typesupport_fastrtps_cpp.so" to ""
[12.160s] -- Up-to-date: /home/rui810/ros2_ws/src/install/person_msgs/include/person_msgs/person_msgs
[12.160s] -- Up-to-date: /home/rui810/ros2_ws/src/install/person_msgs/include/person_msgs/person_msgs/srv
[12.160s] -- Up-to-date: /home/rui810/ros2_ws/src/install/person_msgs/include/person_msgs/person_msgs/srv/detail
[12.161s] -- Installing: /home/rui810/ros2_ws/src/install/person_msgs/include/person_msgs/person_msgs/srv/detail/query__rosidl_typesupport_introspection_cpp.hpp
[12.162s] -- Installing: /home/rui810/ros2_ws/src/install/person_msgs/include/person_msgs/person_msgs/srv/detail/query__type_support.cpp
[12.162s] -- Up-to-date: /home/rui810/ros2_ws/src/install/person_msgs/include/person_msgs/person_msgs/msg
[12.162s] -- Up-to-date: /home/rui810/ros2_ws/src/install/person_msgs/include/person_msgs/person_msgs/msg/detail
[12.162s] -- Installing: /home/rui810/ros2_ws/src/install/person_msgs/include/person_msgs/person_msgs/msg/detail/person__rosidl_typesupport_introspection_cpp.hpp
[12.163s] -- Installing: /home/rui810/ros2_ws/src/install/person_msgs/include/person_msgs/person_msgs/msg/detail/person__type_support.cpp
[12.163s] -- Installing: /home/rui810/ros2_ws/src/install/person_msgs/lib/libperson_msgs__rosidl_typesupport_introspection_cpp.so
[12.163s] -- Set runtime path of "/home/rui810/ros2_ws/src/install/person_msgs/lib/libperson_msgs__rosidl_typesupport_introspection_cpp.so" to ""
[12.163s] -- Installing: /home/rui810/ros2_ws/src/install/person_msgs/lib/libperson_msgs__rosidl_typesupport_cpp.so
[12.164s] -- Set runtime path of "/home/rui810/ros2_ws/src/install/person_msgs/lib/libperson_msgs__rosidl_typesupport_cpp.so" to ""
[12.164s] -- Installing: /home/rui810/ros2_ws/src/install/person_msgs/share/person_msgs/environment/pythonpath.sh
[12.165s] -- Installing: /home/rui810/ros2_ws/src/install/person_msgs/share/person_msgs/environment/pythonpath.dsv
[12.165s] -- Installing: /home/rui810/ros2_ws/src/install/person_msgs/lib/python3.13/site-packages/person_msgs-0.0.0-py3.13.egg-info
[12.166s] -- Installing: /home/rui810/ros2_ws/src/install/person_msgs/lib/python3.13/site-packages/person_msgs-0.0.0-py3.13.egg-info/top_level.txt
[12.166s] -- Installing: /home/rui810/ros2_ws/src/install/person_msgs/lib/python3.13/site-packages/person_msgs-0.0.0-py3.13.egg-info/PKG-INFO
[12.166s] -- Installing: /home/rui810/ros2_ws/src/install/person_msgs/lib/python3.13/site-packages/person_msgs-0.0.0-py3.13.egg-info/dependency_links.txt
[12.166s] -- Installing: /home/rui810/ros2_ws/src/install/person_msgs/lib/python3.13/site-packages/person_msgs-0.0.0-py3.13.egg-info/SOURCES.txt
[12.166s] -- Installing: /home/rui810/ros2_ws/src/install/person_msgs/lib/python3.13/site-packages/person_msgs
[12.167s] -- Installing: /home/rui810/ros2_ws/src/install/person_msgs/lib/python3.13/site-packages/person_msgs/srv
[12.167s] -- Installing: /home/rui810/ros2_ws/src/install/person_msgs/lib/python3.13/site-packages/person_msgs/srv/_query_s.c
[12.167s] -- Installing: /home/rui810/ros2_ws/src/install/person_msgs/lib/python3.13/site-packages/person_msgs/srv/_query.py
[12.167s] -- Installing: /home/rui810/ros2_ws/src/install/person_msgs/lib/python3.13/site-packages/person_msgs/srv/__init__.py
[12.168s] -- Installing: /home/rui810/ros2_ws/src/install/person_msgs/lib/python3.13/site-packages/person_msgs/libperson_msgs__rosidl_generator_py.so
[12.168s] -- Installing: /home/rui810/ros2_ws/src/install/person_msgs/lib/python3.13/site-packages/person_msgs/_person_msgs_s.ep.rosidl_typesupport_fastrtps_c.c
[12.168s] -- Installing: /home/rui810/ros2_ws/src/install/person_msgs/lib/python3.13/site-packages/person_msgs/person_msgs_s__rosidl_typesupport_c.cpython-313-x86_64-linux-gnu.so
[12.168s] -- Installing: /home/rui810/ros2_ws/src/install/person_msgs/lib/python3.13/site-packages/person_msgs/msg
[12.168s] -- Installing: /home/rui810/ros2_ws/src/install/person_msgs/lib/python3.13/site-packages/person_msgs/msg/__init__.py
[12.168s] -- Installing: /home/rui810/ros2_ws/src/install/person_msgs/lib/python3.13/site-packages/person_msgs/msg/_person_s.c
[12.169s] -- Installing: /home/rui810/ros2_ws/src/install/person_msgs/lib/python3.13/site-packages/person_msgs/msg/_person.py
[12.169s] -- Installing: /home/rui810/ros2_ws/src/install/person_msgs/lib/python3.13/site-packages/person_msgs/person_msgs_s__rosidl_typesupport_introspection_c.cpython-313-x86_64-linux-gnu.so
[12.169s] -- Installing: /home/rui810/ros2_ws/src/install/person_msgs/lib/python3.13/site-packages/person_msgs/person_msgs_s__rosidl_typesupport_fastrtps_c.cpython-313-x86_64-linux-gnu.so
[12.169s] -- Installing: /home/rui810/ros2_ws/src/install/person_msgs/lib/python3.13/site-packages/person_msgs/_person_msgs_s.ep.rosidl_typesupport_introspection_c.c
[12.169s] -- Installing: /home/rui810/ros2_ws/src/install/person_msgs/lib/python3.13/site-packages/person_msgs/_person_msgs_s.ep.rosidl_typesupport_c.c
[12.169s] -- Installing: /home/rui810/ros2_ws/src/install/person_msgs/lib/python3.13/site-packages/person_msgs/__init__.py
[12.261s] Listing '/home/rui810/ros2_ws/src/install/person_msgs/lib/python3.13/site-packages/person_msgs'...
[12.261s] Compiling '/home/rui810/ros2_ws/src/install/person_msgs/lib/python3.13/site-packages/person_msgs/__init__.py'...
[12.261s] Listing '/home/rui810/ros2_ws/src/install/person_msgs/lib/python3.13/site-packages/person_msgs/msg'...
[12.262s] Compiling '/home/rui810/ros2_ws/src/install/person_msgs/lib/python3.13/site-packages/person_msgs/msg/__init__.py'...
[12.262s] Compiling '/home/rui810/ros2_ws/src/install/person_msgs/lib/python3.13/site-packages/person_msgs/msg/_person.py'...
[12.262s] Listing '/home/rui810/ros2_ws/src/install/person_msgs/lib/python3.13/site-packages/person_msgs/srv'...
[12.262s] Compiling '/home/rui810/ros2_ws/src/install/person_msgs/lib/python3.13/site-packages/person_msgs/srv/__init__.py'...
[12.262s] Compiling '/home/rui810/ros2_ws/src/install/person_msgs/lib/python3.13/site-packages/person_msgs/srv/_query.py'...
[12.273s] -- Installing: /home/rui810/ros2_ws/src/install/person_msgs/lib/python3.13/site-packages/person_msgs/person_msgs_s__rosidl_typesupport_fastrtps_c.cpython-313-x86_64-linux-gnu.so
[12.274s] -- Set runtime path of "/home/rui810/ros2_ws/src/install/person_msgs/lib/python3.13/site-packages/person_msgs/person_msgs_s__rosidl_typesupport_fastrtps_c.cpython-313-x86_64-linux-gnu.so" to ""
[12.275s] -- Installing: /home/rui810/ros2_ws/src/install/person_msgs/lib/python3.13/site-packages/person_msgs/person_msgs_s__rosidl_typesupport_introspection_c.cpython-313-x86_64-linux-gnu.so
[12.275s] -- Set runtime path of "/home/rui810/ros2_ws/src/install/person_msgs/lib/python3.13/site-packages/person_msgs/person_msgs_s__rosidl_typesupport_introspection_c.cpython-313-x86_64-linux-gnu.so" to ""
[12.275s] -- Installing: /home/rui810/ros2_ws/src/install/person_msgs/lib/python3.13/site-packages/person_msgs/person_msgs_s__rosidl_typesupport_c.cpython-313-x86_64-linux-gnu.so
[12.276s] -- Set runtime path of "/home/rui810/ros2_ws/src/install/person_msgs/lib/python3.13/site-packages/person_msgs/person_msgs_s__rosidl_typesupport_c.cpython-313-x86_64-linux-gnu.so" to ""
[12.276s] -- Installing: /home/rui810/ros2_ws/src/install/person_msgs/lib/libperson_msgs__rosidl_generator_py.so
[12.276s] -- Set runtime path of "/home/rui810/ros2_ws/src/install/person_msgs/lib/libperson_msgs__rosidl_generator_py.so" to ""
[12.276s] -- Installing: /home/rui810/ros2_ws/src/install/person_msgs/share/person_msgs/msg/Person.idl
[12.277s] -- Installing: /home/rui810/ros2_ws/src/install/person_msgs/share/person_msgs/srv/Query.idl
[12.278s] -- Installing: /home/rui810/ros2_ws/src/install/person_msgs/share/person_msgs/msg/Person.msg
[12.278s] -- Installing: /home/rui810/ros2_ws/src/install/person_msgs/share/person_msgs/srv/Query.srv
[12.279s] -- Installing: /home/rui810/ros2_ws/src/install/person_msgs/share/person_msgs/srv/Query_Request.msg
[12.279s] -- Installing: /home/rui810/ros2_ws/src/install/person_msgs/share/person_msgs/srv/Query_Response.msg
[12.280s] -- Installing: /home/rui810/ros2_ws/src/install/person_msgs/share/ament_index/resource_index/package_run_dependencies/person_msgs
[12.281s] -- Installing: /home/rui810/ros2_ws/src/install/person_msgs/share/ament_index/resource_index/parent_prefix_path/person_msgs
[12.281s] -- Installing: /home/rui810/ros2_ws/src/install/person_msgs/share/person_msgs/environment/ament_prefix_path.sh
[12.281s] -- Installing: /home/rui810/ros2_ws/src/install/person_msgs/share/person_msgs/environment/ament_prefix_path.dsv
[12.281s] -- Installing: /home/rui810/ros2_ws/src/install/person_msgs/share/person_msgs/environment/path.sh
[12.281s] -- Installing: /home/rui810/ros2_ws/src/install/person_msgs/share/person_msgs/environment/path.dsv
[12.282s] -- Installing: /home/rui810/ros2_ws/src/install/person_msgs/share/person_msgs/local_setup.bash
[12.282s] -- Installing: /home/rui810/ros2_ws/src/install/person_msgs/share/person_msgs/local_setup.sh
[12.282s] -- Installing: /home/rui810/ros2_ws/src/install/person_msgs/share/person_msgs/local_setup.zsh
[12.283s] -- Installing: /home/rui810/ros2_ws/src/install/person_msgs/share/person_msgs/local_setup.dsv
[12.283s] -- Installing: /home/rui810/ros2_ws/src/install/person_msgs/share/person_msgs/package.dsv
[12.283s] -- Installing: /home/rui810/ros2_ws/src/install/person_msgs/share/ament_index/resource_index/packages/person_msgs
[12.284s] -- Installing: /home/rui810/ros2_ws/src/install/person_msgs/share/person_msgs/cmake/export_person_msgs__rosidl_generator_cExport.cmake
[12.285s] -- Installing: /home/rui810/ros2_ws/src/install/person_msgs/share/person_msgs/cmake/export_person_msgs__rosidl_generator_cExport-noconfig.cmake
[12.286s] -- Installing: /home/rui810/ros2_ws/src/install/person_msgs/share/person_msgs/cmake/export_person_msgs__rosidl_typesupport_fastrtps_cExport.cmake
[12.286s] -- Installing: /home/rui810/ros2_ws/src/install/person_msgs/share/person_msgs/cmake/export_person_msgs__rosidl_typesupport_fastrtps_cExport-noconfig.cmake
[12.286s] -- Installing: /home/rui810/ros2_ws/src/install/person_msgs/share/person_msgs/cmake/person_msgs__rosidl_typesupport_introspection_cExport.cmake
[12.286s] -- Installing: /home/rui810/ros2_ws/src/install/person_msgs/share/person_msgs/cmake/person_msgs__rosidl_typesupport_introspection_cExport-noconfig.cmake
[12.287s] -- Installing: /home/rui810/ros2_ws/src/install/person_msgs/share/person_msgs/cmake/person_msgs__rosidl_typesupport_cExport.cmake
[12.287s] -- Installing: /home/rui810/ros2_ws/src/install/person_msgs/share/person_msgs/cmake/person_msgs__rosidl_typesupport_cExport-noconfig.cmake
[12.288s] -- Installing: /home/rui810/ros2_ws/src/install/person_msgs/share/person_msgs/cmake/export_person_msgs__rosidl_generator_cppExport.cmake
[12.288s] -- Installing: /home/rui810/ros2_ws/src/install/person_msgs/share/person_msgs/cmake/export_person_msgs__rosidl_typesupport_fastrtps_cppExport.cmake
[12.288s] -- Installing: /home/rui810/ros2_ws/src/install/person_msgs/share/person_msgs/cmake/export_person_msgs__rosidl_typesupport_fastrtps_cppExport-noconfig.cmake
[12.289s] -- Installing: /home/rui810/ros2_ws/src/install/person_msgs/share/person_msgs/cmake/person_msgs__rosidl_typesupport_introspection_cppExport.cmake
[12.289s] -- Installing: /home/rui810/ros2_ws/src/install/person_msgs/share/person_msgs/cmake/person_msgs__rosidl_typesupport_introspection_cppExport-noconfig.cmake
[12.290s] -- Installing: /home/rui810/ros2_ws/src/install/person_msgs/share/person_msgs/cmake/person_msgs__rosidl_typesupport_cppExport.cmake
[12.290s] -- Installing: /home/rui810/ros2_ws/src/install/person_msgs/share/person_msgs/cmake/person_msgs__rosidl_typesupport_cppExport-noconfig.cmake
[12.290s] -- Installing: /home/rui810/ros2_ws/src/install/person_msgs/share/person_msgs/cmake/export_person_msgs__rosidl_generator_pyExport.cmake
[12.290s] -- Installing: /home/rui810/ros2_ws/src/install/person_msgs/share/person_msgs/cmake/export_person_msgs__rosidl_generator_pyExport-noconfig.cmake
[12.291s] -- Installing: /home/rui810/ros2_ws/src/install/person_msgs/share/person_msgs/cmake/rosidl_cmake-extras.cmake
[12.291s] -- Installing: /home/rui810/ros2_ws/src/install/person_msgs/share/person_msgs/cmake/ament_cmake_export_include_directories-extras.cmake
[12.291s] -- Installing: /home/rui810/ros2_ws/src/install/person_msgs/share/person_msgs/cmake/ament_cmake_export_libraries-extras.cmake
[12.291s] -- Installing: /home/rui810/ros2_ws/src/install/person_msgs/share/person_msgs/cmake/ament_cmake_export_targets-extras.cmake
[12.291s] -- Installing: /home/rui810/ros2_ws/src/install/person_msgs/share/person_msgs/cmake/rosidl_cmake_export_typesupport_targets-extras.cmake
[12.292s] -- Installing: /home/rui810/ros2_ws/src/install/person_msgs/share/person_msgs/cmake/ament_cmake_export_dependencies-extras.cmake
[12.292s] -- Installing: /home/rui810/ros2_ws/src/install/person_msgs/share/person_msgs/cmake/rosidl_cmake_export_typesupport_libraries-extras.cmake
[12.292s] -- Installing: /home/rui810/ros2_ws/src/install/person_msgs/share/person_msgs/cmake/person_msgsConfig.cmake
[12.293s] -- Installing: /home/rui810/ros2_ws/src/install/person_msgs/share/person_msgs/cmake/person_msgsConfig-version.cmake
[12.293s] -- Installing: /home/rui810/ros2_ws/src/install/person_msgs/share/person_msgs/package.xml
[12.296s] Invoked command in '/home/rui810/ros2_ws/src/build/person_msgs' returned '0': CMAKE_PREFIX_PATH=${CMAKE_PREFIX_PATH}:/home/rui810/ros2_ws/install/mypkg:/opt/ros/humble CONDA_PROMPT_MODIFIER=(base) /usr/bin/cmake --install /home/rui810/ros2_ws/src/build/person_msgs
