[1.243s] Invoking command in '/home/rui810/ros2_ws/src/mypkg': CONDA_PROMPT_MODIFIER=(base) PYTHONPATH=/home/rui810/ros2_ws/src/build/mypkg/prefix_override:/usr/lib/python3/dist-packages/colcon_core/task/python/colcon_distutils_commands:/home/rui810/ros2_ws/src/install/mypkg/lib/python3.10/site-packages:${PYTHONPATH} /usr/bin/python3 -W ignore:setup.py install is deprecated -W ignore:easy_install command is deprecated setup.py egg_info --egg-base ../build/mypkg build --build-base /home/rui810/ros2_ws/src/build/mypkg/build install --record /home/rui810/ros2_ws/src/build/mypkg/install.log --single-version-externally-managed install_data
[1.667s] running egg_info
[1.669s] writing ../build/mypkg/mypkg.egg-info/PKG-INFO
[1.670s] writing dependency_links to ../build/mypkg/mypkg.egg-info/dependency_links.txt
[1.670s] writing entry points to ../build/mypkg/mypkg.egg-info/entry_points.txt
[1.670s] writing requirements to ../build/mypkg/mypkg.egg-info/requires.txt
[1.671s] writing top-level names to ../build/mypkg/mypkg.egg-info/top_level.txt
[1.674s] reading manifest file '../build/mypkg/mypkg.egg-info/SOURCES.txt'
[1.676s] writing manifest file '../build/mypkg/mypkg.egg-info/SOURCES.txt'
[1.676s] running build
[1.676s] running build_py
[1.677s] running install
[1.677s] running install_lib
[1.680s] running install_data
[1.680s] running install_egg_info
[1.683s] removing '/home/rui810/ros2_ws/src/install/mypkg/lib/python3.10/site-packages/mypkg-0.0.0-py3.10.egg-info' (and everything under it)
[1.684s] Copying ../build/mypkg/mypkg.egg-info to /home/rui810/ros2_ws/src/install/mypkg/lib/python3.10/site-packages/mypkg-0.0.0-py3.10.egg-info
[1.686s] running install_scripts
[1.728s] Installing listener script to /home/rui810/ros2_ws/src/install/mypkg/lib/mypkg
[1.728s] Installing talker script to /home/rui810/ros2_ws/src/install/mypkg/lib/mypkg
[1.729s] writing list of installed files to '/home/rui810/ros2_ws/src/build/mypkg/install.log'
[1.784s] Invoked command in '/home/rui810/ros2_ws/src/mypkg' returned '0': CONDA_PROMPT_MODIFIER=(base) PYTHONPATH=/home/rui810/ros2_ws/src/build/mypkg/prefix_override:/usr/lib/python3/dist-packages/colcon_core/task/python/colcon_distutils_commands:/home/rui810/ros2_ws/src/install/mypkg/lib/python3.10/site-packages:${PYTHONPATH} /usr/bin/python3 -W ignore:setup.py install is deprecated -W ignore:easy_install command is deprecated setup.py egg_info --egg-base ../build/mypkg build --build-base /home/rui810/ros2_ws/src/build/mypkg/build install --record /home/rui810/ros2_ws/src/build/mypkg/install.log --single-version-externally-managed install_data
