[0.044s] Invoking command in '/home/rui810/ros2_ws/src/build/person_msgs': CMAKE_PREFIX_PATH=${CMAKE_PREFIX_PATH}:/home/rui810/ros2_ws/src/install/mypkg:/home/rui810/ros2_ws/install/mypkg:/opt/ros/humble CONDA_PROMPT_MODIFIER=(base) /usr/bin/cmake /home/rui810/ros2_ws/src/person_msgs -DPYTHON_EXECUTABLE=/usr/bin/python3.10 -DCMAKE_INSTALL_PREFIX=/home/rui810/ros2_ws/src/install/person_msgs
[0.065s] -- Found ament_cmake: 1.3.12 (/opt/ros/humble/share/ament_cmake/cmake)
[0.429s] -- Found rosidl_default_generators: 1.2.0 (/opt/ros/humble/share/rosidl_default_generators/cmake)
[0.434s] -- Using all available rosidl_typesupport_c: rosidl_typesupport_fastrtps_c;rosidl_typesupport_introspection_c
[0.441s] -- Found rosidl_adapter: 3.1.7 (/opt/ros/humble/share/rosidl_adapter/cmake)
[0.764s] -- Using all available rosidl_typesupport_cpp: rosidl_typesupport_fastrtps_cpp;rosidl_typesupport_introspection_cpp
[1.500s] -- Found ament_cmake_cppcheck: 0.12.14 (/opt/ros/humble/share/ament_cmake_cppcheck/cmake)
[1.502s] -- Found ament_cmake_cpplint: 0.12.14 (/opt/ros/humble/share/ament_cmake_cpplint/cmake)
[1.504s] -- Found ament_cmake_uncrustify: 0.12.14 (/opt/ros/humble/share/ament_cmake_uncrustify/cmake)
[1.506s] -- Found ament_cmake_ros: 0.10.0 (/opt/ros/humble/share/ament_cmake_ros/cmake)
[1.890s] -- Using all available rosidl_typesupport_c: rosidl_typesupport_fastrtps_c;rosidl_typesupport_introspection_c
[2.431s] -- Using all available rosidl_typesupport_cpp: rosidl_typesupport_fastrtps_cpp;rosidl_typesupport_introspection_cpp
[2.487s] -- Found PythonInterp: /usr/bin/python3.10 (found suitable version "3.10.12", minimum required is "3.6") 
[2.488s] -- Found python_cmake_module: 0.10.0 (/opt/ros/humble/share/python_cmake_module/cmake)
[2.541s] -- Using PYTHON_EXECUTABLE: /usr/bin/python3.10
[2.541s] -- Using PYTHON_INCLUDE_DIRS: /home/rui810/anaconda3/include/python3.13
[2.541s] -- Using PYTHON_LIBRARIES: /home/rui810/anaconda3/lib/libpython3.13.so
[2.950s] -- Using numpy include directory: /usr/lib/python3/dist-packages/numpy/core/include
[2.963s] -- Found ament_cmake_flake8: 0.12.14 (/opt/ros/humble/share/ament_cmake_flake8/cmake)
[2.965s] -- Found ament_cmake_pep257: 0.12.14 (/opt/ros/humble/share/ament_cmake_pep257/cmake)
[2.968s] -- Found ament_lint_auto: 0.12.14 (/opt/ros/humble/share/ament_lint_auto/cmake)
[2.984s] -- Added test 'lint_cmake' to check CMake code style
[2.985s] -- Added test 'xmllint' to check XML markup files
[2.989s] -- Configuring done
[3.054s] -- Generating done
[3.086s] -- Build files have been written to: /home/rui810/ros2_ws/src/build/person_msgs
[3.101s] Invoked command in '/home/rui810/ros2_ws/src/build/person_msgs' returned '0': CMAKE_PREFIX_PATH=${CMAKE_PREFIX_PATH}:/home/rui810/ros2_ws/src/install/mypkg:/home/rui810/ros2_ws/install/mypkg:/opt/ros/humble CONDA_PROMPT_MODIFIER=(base) /usr/bin/cmake /home/rui810/ros2_ws/src/person_msgs -DPYTHON_EXECUTABLE=/usr/bin/python3.10 -DCMAKE_INSTALL_PREFIX=/home/rui810/ros2_ws/src/install/person_msgs
[3.104s] Invoking command in '/home/rui810/ros2_ws/src/build/person_msgs': CMAKE_PREFIX_PATH=${CMAKE_PREFIX_PATH}:/home/rui810/ros2_ws/src/install/mypkg:/home/rui810/ros2_ws/install/mypkg:/opt/ros/humble CONDA_PROMPT_MODIFIER=(base) /usr/bin/cmake --build /home/rui810/ros2_ws/src/build/person_msgs -- -j12 -l12
[3.185s] [35m[1mConsolidate compiler generated dependencies of target person_msgs__rosidl_generator_c[0m
[3.208s] [  2%] Built target person_msgs__cpp
[3.209s] [ 12%] Built target person_msgs__rosidl_generator_c
[3.230s] [35m[1mConsolidate compiler generated dependencies of target person_msgs__rosidl_typesupport_cpp[0m
[3.238s] [35m[1mConsolidate compiler generated dependencies of target person_msgs__rosidl_typesupport_fastrtps_cpp[0m
[3.239s] [ 12%] Built target ament_cmake_python_copy_person_msgs
[3.241s] [35m[1mConsolidate compiler generated dependencies of target person_msgs__rosidl_typesupport_introspection_cpp[0m
[3.267s] [ 23%] Built target person_msgs__rosidl_typesupport_cpp
[3.268s] [35m[1mConsolidate compiler generated dependencies of target person_msgs__rosidl_typesupport_fastrtps_c[0m
[3.270s] [35m[1mConsolidate compiler generated dependencies of target person_msgs__rosidl_typesupport_introspection_c[0m
[3.274s] [35m[1mConsolidate compiler generated dependencies of target person_msgs__rosidl_typesupport_c[0m
[3.277s] [ 33%] Built target person_msgs__rosidl_typesupport_introspection_cpp
[3.281s] [ 43%] Built target person_msgs__rosidl_typesupport_fastrtps_cpp
[3.299s] [ 53%] Built target person_msgs__rosidl_typesupport_c
[3.301s] [ 64%] Built target person_msgs__rosidl_typesupport_introspection_c
[3.305s] [ 74%] Built target person_msgs__rosidl_typesupport_fastrtps_c
[3.352s] [ 74%] Built target person_msgs
[3.396s] [ 76%] [34m[1mGenerating Python code for ROS interfaces[0m
[3.893s] running egg_info
[3.978s] writing person_msgs.egg-info/PKG-INFO
[3.979s] writing dependency_links to person_msgs.egg-info/dependency_links.txt
[3.980s] writing top-level names to person_msgs.egg-info/top_level.txt
[4.162s] reading manifest file 'person_msgs.egg-info/SOURCES.txt'
[4.163s] writing manifest file 'person_msgs.egg-info/SOURCES.txt'
[4.232s] [ 76%] Built target ament_cmake_python_build_person_msgs_egg
[4.287s] [ 76%] Built target person_msgs__py
[4.309s] [35m[1mConsolidate compiler generated dependencies of target person_msgs__rosidl_generator_py[0m
[4.336s] [ 79%] [32mBuilding C object CMakeFiles/person_msgs__rosidl_generator_py.dir/rosidl_generator_py/person_msgs/msg/_person_s.c.o[0m
[4.336s] [ 82%] [32mBuilding C object CMakeFiles/person_msgs__rosidl_generator_py.dir/rosidl_generator_py/person_msgs/srv/_query_s.c.o[0m
[4.561s] [ 84%] [32m[1mLinking C shared library rosidl_generator_py/person_msgs/libperson_msgs__rosidl_generator_py.so[0m
[4.707s] [ 84%] Built target person_msgs__rosidl_generator_py
[4.732s] [35m[1mConsolidate compiler generated dependencies of target person_msgs__rosidl_typesupport_fastrtps_c__pyext[0m
[4.732s] [35m[1mConsolidate compiler generated dependencies of target person_msgs__rosidl_typesupport_introspection_c__pyext[0m
[4.734s] [35m[1mConsolidate compiler generated dependencies of target person_msgs__rosidl_typesupport_c__pyext[0m
[4.759s] [ 87%] [32mBuilding C object CMakeFiles/person_msgs__rosidl_typesupport_fastrtps_c__pyext.dir/rosidl_generator_py/person_msgs/_person_msgs_s.ep.rosidl_typesupport_fastrtps_c.c.o[0m
[4.766s] [ 89%] [32mBuilding C object CMakeFiles/person_msgs__rosidl_typesupport_c__pyext.dir/rosidl_generator_py/person_msgs/_person_msgs_s.ep.rosidl_typesupport_c.c.o[0m
[4.767s] [ 92%] [32mBuilding C object CMakeFiles/person_msgs__rosidl_typesupport_introspection_c__pyext.dir/rosidl_generator_py/person_msgs/_person_msgs_s.ep.rosidl_typesupport_introspection_c.c.o[0m
[5.008s] [ 94%] [32m[1mLinking C shared library rosidl_generator_py/person_msgs/person_msgs_s__rosidl_typesupport_introspection_c.cpython-313-x86_64-linux-gnu.so[0m
[5.023s] [ 97%] [32m[1mLinking C shared library rosidl_generator_py/person_msgs/person_msgs_s__rosidl_typesupport_c.cpython-313-x86_64-linux-gnu.so[0m
[5.030s] [100%] [32m[1mLinking C shared library rosidl_generator_py/person_msgs/person_msgs_s__rosidl_typesupport_fastrtps_c.cpython-313-x86_64-linux-gnu.so[0m
[5.142s] [100%] Built target person_msgs__rosidl_typesupport_introspection_c__pyext
[5.144s] [100%] Built target person_msgs__rosidl_typesupport_c__pyext
[5.192s] [100%] Built target person_msgs__rosidl_typesupport_fastrtps_c__pyext
[5.216s] Invoked command in '/home/rui810/ros2_ws/src/build/person_msgs' returned '0': CMAKE_PREFIX_PATH=${CMAKE_PREFIX_PATH}:/home/rui810/ros2_ws/src/install/mypkg:/home/rui810/ros2_ws/install/mypkg:/opt/ros/humble CONDA_PROMPT_MODIFIER=(base) /usr/bin/cmake --build /home/rui810/ros2_ws/src/build/person_msgs -- -j12 -l12
[5.246s] Invoking command in '/home/rui810/ros2_ws/src/build/person_msgs': CMAKE_PREFIX_PATH=${CMAKE_PREFIX_PATH}:/home/rui810/ros2_ws/src/install/mypkg:/home/rui810/ros2_ws/install/mypkg:/opt/ros/humble CONDA_PROMPT_MODIFIER=(base) /usr/bin/cmake --install /home/rui810/ros2_ws/src/build/person_msgs
[5.267s] -- Install configuration: ""
[5.268s] -- Up-to-date: /home/rui810/ros2_ws/src/install/person_msgs/share/ament_index/resource_index/rosidl_interfaces/person_msgs
[5.268s] -- Up-to-date: /home/rui810/ros2_ws/src/install/person_msgs/include/person_msgs/person_msgs
[5.268s] -- Up-to-date: /home/rui810/ros2_ws/src/install/person_msgs/include/person_msgs/person_msgs/srv
[5.269s] -- Up-to-date: /home/rui810/ros2_ws/src/install/person_msgs/include/person_msgs/person_msgs/srv/detail
[5.269s] -- Up-to-date: /home/rui810/ros2_ws/src/install/person_msgs/include/person_msgs/person_msgs/srv/detail/query__functions.c
[5.269s] -- Up-to-date: /home/rui810/ros2_ws/src/install/person_msgs/include/person_msgs/person_msgs/srv/detail/query__struct.h
[5.270s] -- Up-to-date: /home/rui810/ros2_ws/src/install/person_msgs/include/person_msgs/person_msgs/srv/detail/query__functions.h
[5.270s] -- Up-to-date: /home/rui810/ros2_ws/src/install/person_msgs/include/person_msgs/person_msgs/srv/detail/query__type_support.h
[5.271s] -- Up-to-date: /home/rui810/ros2_ws/src/install/person_msgs/include/person_msgs/person_msgs/srv/query.h
[5.272s] -- Up-to-date: /home/rui810/ros2_ws/src/install/person_msgs/include/person_msgs/person_msgs/msg
[5.273s] -- Up-to-date: /home/rui810/ros2_ws/src/install/person_msgs/include/person_msgs/person_msgs/msg/detail
[5.274s] -- Up-to-date: /home/rui810/ros2_ws/src/install/person_msgs/include/person_msgs/person_msgs/msg/detail/person__functions.c
[5.275s] -- Up-to-date: /home/rui810/ros2_ws/src/install/person_msgs/include/person_msgs/person_msgs/msg/detail/person__type_support.h
[5.276s] -- Up-to-date: /home/rui810/ros2_ws/src/install/person_msgs/include/person_msgs/person_msgs/msg/detail/person__struct.h
[5.276s] -- Up-to-date: /home/rui810/ros2_ws/src/install/person_msgs/include/person_msgs/person_msgs/msg/detail/person__functions.h
[5.277s] -- Up-to-date: /home/rui810/ros2_ws/src/install/person_msgs/include/person_msgs/person_msgs/msg/rosidl_generator_c__visibility_control.h
[5.278s] -- Up-to-date: /home/rui810/ros2_ws/src/install/person_msgs/include/person_msgs/person_msgs/msg/person.h
[5.278s] -- Up-to-date: /home/rui810/ros2_ws/src/install/person_msgs/share/person_msgs/environment/library_path.sh
[5.279s] -- Installing: /home/rui810/ros2_ws/src/install/person_msgs/share/person_msgs/environment/library_path.dsv
[5.279s] -- Up-to-date: /home/rui810/ros2_ws/src/install/person_msgs/lib/libperson_msgs__rosidl_generator_c.so
[5.280s] -- Up-to-date: /home/rui810/ros2_ws/src/install/person_msgs/include/person_msgs/person_msgs
[5.281s] -- Up-to-date: /home/rui810/ros2_ws/src/install/person_msgs/include/person_msgs/person_msgs/srv
[5.281s] -- Up-to-date: /home/rui810/ros2_ws/src/install/person_msgs/include/person_msgs/person_msgs/srv/detail
[5.281s] -- Up-to-date: /home/rui810/ros2_ws/src/install/person_msgs/include/person_msgs/person_msgs/srv/detail/query__rosidl_typesupport_fastrtps_c.h
[5.282s] -- Up-to-date: /home/rui810/ros2_ws/src/install/person_msgs/include/person_msgs/person_msgs/msg
[5.282s] -- Up-to-date: /home/rui810/ros2_ws/src/install/person_msgs/include/person_msgs/person_msgs/msg/rosidl_typesupport_fastrtps_c__visibility_control.h
[5.282s] -- Up-to-date: /home/rui810/ros2_ws/src/install/person_msgs/include/person_msgs/person_msgs/msg/detail
[5.282s] -- Up-to-date: /home/rui810/ros2_ws/src/install/person_msgs/include/person_msgs/person_msgs/msg/detail/person__rosidl_typesupport_fastrtps_c.h
[5.283s] -- Up-to-date: /home/rui810/ros2_ws/src/install/person_msgs/lib/libperson_msgs__rosidl_typesupport_fastrtps_c.so
[5.283s] -- Up-to-date: /home/rui810/ros2_ws/src/install/person_msgs/include/person_msgs/person_msgs
[5.283s] -- Up-to-date: /home/rui810/ros2_ws/src/install/person_msgs/include/person_msgs/person_msgs/srv
[5.283s] -- Up-to-date: /home/rui810/ros2_ws/src/install/person_msgs/include/person_msgs/person_msgs/srv/detail
[5.284s] -- Up-to-date: /home/rui810/ros2_ws/src/install/person_msgs/include/person_msgs/person_msgs/srv/detail/query__type_support.c
[5.285s] -- Up-to-date: /home/rui810/ros2_ws/src/install/person_msgs/include/person_msgs/person_msgs/srv/detail/query__rosidl_typesupport_introspection_c.h
[5.286s] -- Up-to-date: /home/rui810/ros2_ws/src/install/person_msgs/include/person_msgs/person_msgs/msg
[5.287s] -- Up-to-date: /home/rui810/ros2_ws/src/install/person_msgs/include/person_msgs/person_msgs/msg/rosidl_typesupport_introspection_c__visibility_control.h
[5.288s] -- Up-to-date: /home/rui810/ros2_ws/src/install/person_msgs/include/person_msgs/person_msgs/msg/detail
[5.289s] -- Up-to-date: /home/rui810/ros2_ws/src/install/person_msgs/include/person_msgs/person_msgs/msg/detail/person__type_support.c
[5.289s] -- Up-to-date: /home/rui810/ros2_ws/src/install/person_msgs/include/person_msgs/person_msgs/msg/detail/person__rosidl_typesupport_introspection_c.h
[5.290s] -- Up-to-date: /home/rui810/ros2_ws/src/install/person_msgs/lib/libperson_msgs__rosidl_typesupport_introspection_c.so
[5.290s] -- Up-to-date: /home/rui810/ros2_ws/src/install/person_msgs/lib/libperson_msgs__rosidl_typesupport_c.so
[5.290s] -- Up-to-date: /home/rui810/ros2_ws/src/install/person_msgs/include/person_msgs/person_msgs
[5.290s] -- Up-to-date: /home/rui810/ros2_ws/src/install/person_msgs/include/person_msgs/person_msgs/srv
[5.290s] -- Up-to-date: /home/rui810/ros2_ws/src/install/person_msgs/include/person_msgs/person_msgs/srv/query.hpp
[5.291s] -- Up-to-date: /home/rui810/ros2_ws/src/install/person_msgs/include/person_msgs/person_msgs/srv/detail
[5.291s] -- Up-to-date: /home/rui810/ros2_ws/src/install/person_msgs/include/person_msgs/person_msgs/srv/detail/query__type_support.hpp
[5.291s] -- Up-to-date: /home/rui810/ros2_ws/src/install/person_msgs/include/person_msgs/person_msgs/srv/detail/query__struct.hpp
[5.291s] -- Up-to-date: /home/rui810/ros2_ws/src/install/person_msgs/include/person_msgs/person_msgs/srv/detail/query__builder.hpp
[5.291s] -- Up-to-date: /home/rui810/ros2_ws/src/install/person_msgs/include/person_msgs/person_msgs/srv/detail/query__traits.hpp
[5.291s] -- Up-to-date: /home/rui810/ros2_ws/src/install/person_msgs/include/person_msgs/person_msgs/msg
[5.291s] -- Up-to-date: /home/rui810/ros2_ws/src/install/person_msgs/include/person_msgs/person_msgs/msg/detail
[5.292s] -- Up-to-date: /home/rui810/ros2_ws/src/install/person_msgs/include/person_msgs/person_msgs/msg/detail/person__type_support.hpp
[5.292s] -- Up-to-date: /home/rui810/ros2_ws/src/install/person_msgs/include/person_msgs/person_msgs/msg/detail/person__traits.hpp
[5.292s] -- Up-to-date: /home/rui810/ros2_ws/src/install/person_msgs/include/person_msgs/person_msgs/msg/detail/person__struct.hpp
[5.292s] -- Up-to-date: /home/rui810/ros2_ws/src/install/person_msgs/include/person_msgs/person_msgs/msg/detail/person__builder.hpp
[5.292s] -- Up-to-date: /home/rui810/ros2_ws/src/install/person_msgs/include/person_msgs/person_msgs/msg/person.hpp
[5.292s] -- Up-to-date: /home/rui810/ros2_ws/src/install/person_msgs/include/person_msgs/person_msgs/msg/rosidl_generator_cpp__visibility_control.hpp
[5.292s] -- Up-to-date: /home/rui810/ros2_ws/src/install/person_msgs/include/person_msgs/person_msgs
[5.292s] -- Up-to-date: /home/rui810/ros2_ws/src/install/person_msgs/include/person_msgs/person_msgs/srv
[5.293s] -- Up-to-date: /home/rui810/ros2_ws/src/install/person_msgs/include/person_msgs/person_msgs/srv/detail
[5.293s] -- Up-to-date: /home/rui810/ros2_ws/src/install/person_msgs/include/person_msgs/person_msgs/srv/detail/dds_fastrtps
[5.293s] -- Up-to-date: /home/rui810/ros2_ws/src/install/person_msgs/include/person_msgs/person_msgs/srv/detail/query__rosidl_typesupport_fastrtps_cpp.hpp
[5.293s] -- Up-to-date: /home/rui810/ros2_ws/src/install/person_msgs/include/person_msgs/person_msgs/msg
[5.293s] -- Up-to-date: /home/rui810/ros2_ws/src/install/person_msgs/include/person_msgs/person_msgs/msg/detail
[5.293s] -- Up-to-date: /home/rui810/ros2_ws/src/install/person_msgs/include/person_msgs/person_msgs/msg/detail/dds_fastrtps
[5.293s] -- Up-to-date: /home/rui810/ros2_ws/src/install/person_msgs/include/person_msgs/person_msgs/msg/detail/person__rosidl_typesupport_fastrtps_cpp.hpp
[5.293s] -- Up-to-date: /home/rui810/ros2_ws/src/install/person_msgs/include/person_msgs/person_msgs/msg/rosidl_typesupport_fastrtps_cpp__visibility_control.h
[5.293s] -- Up-to-date: /home/rui810/ros2_ws/src/install/person_msgs/lib/libperson_msgs__rosidl_typesupport_fastrtps_cpp.so
[5.294s] -- Up-to-date: /home/rui810/ros2_ws/src/install/person_msgs/include/person_msgs/person_msgs
[5.294s] -- Up-to-date: /home/rui810/ros2_ws/src/install/person_msgs/include/person_msgs/person_msgs/srv
[5.294s] -- Up-to-date: /home/rui810/ros2_ws/src/install/person_msgs/include/person_msgs/person_msgs/srv/detail
[5.294s] -- Up-to-date: /home/rui810/ros2_ws/src/install/person_msgs/include/person_msgs/person_msgs/srv/detail/query__rosidl_typesupport_introspection_cpp.hpp
[5.294s] -- Up-to-date: /home/rui810/ros2_ws/src/install/person_msgs/include/person_msgs/person_msgs/srv/detail/query__type_support.cpp
[5.294s] -- Up-to-date: /home/rui810/ros2_ws/src/install/person_msgs/include/person_msgs/person_msgs/msg
[5.294s] -- Up-to-date: /home/rui810/ros2_ws/src/install/person_msgs/include/person_msgs/person_msgs/msg/detail
[5.294s] -- Up-to-date: /home/rui810/ros2_ws/src/install/person_msgs/include/person_msgs/person_msgs/msg/detail/person__rosidl_typesupport_introspection_cpp.hpp
[5.294s] -- Up-to-date: /home/rui810/ros2_ws/src/install/person_msgs/include/person_msgs/person_msgs/msg/detail/person__type_support.cpp
[5.294s] -- Up-to-date: /home/rui810/ros2_ws/src/install/person_msgs/lib/libperson_msgs__rosidl_typesupport_introspection_cpp.so
[5.294s] -- Up-to-date: /home/rui810/ros2_ws/src/install/person_msgs/lib/libperson_msgs__rosidl_typesupport_cpp.so
[5.294s] -- Up-to-date: /home/rui810/ros2_ws/src/install/person_msgs/share/person_msgs/environment/pythonpath.sh
[5.295s] -- Installing: /home/rui810/ros2_ws/src/install/person_msgs/share/person_msgs/environment/pythonpath.dsv
[5.295s] -- Up-to-date: /home/rui810/ros2_ws/src/install/person_msgs/lib/python3.13/site-packages/person_msgs-0.0.0-py3.13.egg-info
[5.295s] -- Installing: /home/rui810/ros2_ws/src/install/person_msgs/lib/python3.13/site-packages/person_msgs-0.0.0-py3.13.egg-info/top_level.txt
[5.295s] -- Installing: /home/rui810/ros2_ws/src/install/person_msgs/lib/python3.13/site-packages/person_msgs-0.0.0-py3.13.egg-info/PKG-INFO
[5.295s] -- Installing: /home/rui810/ros2_ws/src/install/person_msgs/lib/python3.13/site-packages/person_msgs-0.0.0-py3.13.egg-info/dependency_links.txt
[5.295s] -- Installing: /home/rui810/ros2_ws/src/install/person_msgs/lib/python3.13/site-packages/person_msgs-0.0.0-py3.13.egg-info/SOURCES.txt
[5.295s] -- Up-to-date: /home/rui810/ros2_ws/src/install/person_msgs/lib/python3.13/site-packages/person_msgs
[5.295s] -- Up-to-date: /home/rui810/ros2_ws/src/install/person_msgs/lib/python3.13/site-packages/person_msgs/srv
[5.295s] -- Installing: /home/rui810/ros2_ws/src/install/person_msgs/lib/python3.13/site-packages/person_msgs/srv/_query_s.c
[5.295s] -- Installing: /home/rui810/ros2_ws/src/install/person_msgs/lib/python3.13/site-packages/person_msgs/srv/_query.py
[5.295s] -- Installing: /home/rui810/ros2_ws/src/install/person_msgs/lib/python3.13/site-packages/person_msgs/srv/__init__.py
[5.295s] -- Installing: /home/rui810/ros2_ws/src/install/person_msgs/lib/python3.13/site-packages/person_msgs/libperson_msgs__rosidl_generator_py.so
[5.295s] -- Installing: /home/rui810/ros2_ws/src/install/person_msgs/lib/python3.13/site-packages/person_msgs/_person_msgs_s.ep.rosidl_typesupport_fastrtps_c.c
[5.296s] -- Installing: /home/rui810/ros2_ws/src/install/person_msgs/lib/python3.13/site-packages/person_msgs/person_msgs_s__rosidl_typesupport_c.cpython-313-x86_64-linux-gnu.so
[5.296s] -- Up-to-date: /home/rui810/ros2_ws/src/install/person_msgs/lib/python3.13/site-packages/person_msgs/msg
[5.296s] -- Installing: /home/rui810/ros2_ws/src/install/person_msgs/lib/python3.13/site-packages/person_msgs/msg/__init__.py
[5.296s] -- Installing: /home/rui810/ros2_ws/src/install/person_msgs/lib/python3.13/site-packages/person_msgs/msg/_person_s.c
[5.296s] -- Installing: /home/rui810/ros2_ws/src/install/person_msgs/lib/python3.13/site-packages/person_msgs/msg/_person.py
[5.296s] -- Installing: /home/rui810/ros2_ws/src/install/person_msgs/lib/python3.13/site-packages/person_msgs/person_msgs_s__rosidl_typesupport_introspection_c.cpython-313-x86_64-linux-gnu.so
[5.296s] -- Installing: /home/rui810/ros2_ws/src/install/person_msgs/lib/python3.13/site-packages/person_msgs/person_msgs_s__rosidl_typesupport_fastrtps_c.cpython-313-x86_64-linux-gnu.so
[5.296s] -- Installing: /home/rui810/ros2_ws/src/install/person_msgs/lib/python3.13/site-packages/person_msgs/_person_msgs_s.ep.rosidl_typesupport_introspection_c.c
[5.296s] -- Installing: /home/rui810/ros2_ws/src/install/person_msgs/lib/python3.13/site-packages/person_msgs/_person_msgs_s.ep.rosidl_typesupport_c.c
[5.296s] -- Installing: /home/rui810/ros2_ws/src/install/person_msgs/lib/python3.13/site-packages/person_msgs/__init__.py
[5.390s] Listing '/home/rui810/ros2_ws/src/install/person_msgs/lib/python3.13/site-packages/person_msgs'...
[5.390s] Compiling '/home/rui810/ros2_ws/src/install/person_msgs/lib/python3.13/site-packages/person_msgs/__init__.py'...
[5.391s] Listing '/home/rui810/ros2_ws/src/install/person_msgs/lib/python3.13/site-packages/person_msgs/msg'...
[5.391s] Compiling '/home/rui810/ros2_ws/src/install/person_msgs/lib/python3.13/site-packages/person_msgs/msg/__init__.py'...
[5.391s] Compiling '/home/rui810/ros2_ws/src/install/person_msgs/lib/python3.13/site-packages/person_msgs/msg/_person.py'...
[5.391s] Listing '/home/rui810/ros2_ws/src/install/person_msgs/lib/python3.13/site-packages/person_msgs/srv'...
[5.391s] Compiling '/home/rui810/ros2_ws/src/install/person_msgs/lib/python3.13/site-packages/person_msgs/srv/__init__.py'...
[5.392s] Compiling '/home/rui810/ros2_ws/src/install/person_msgs/lib/python3.13/site-packages/person_msgs/srv/_query.py'...
[5.403s] -- Installing: /home/rui810/ros2_ws/src/install/person_msgs/lib/python3.13/site-packages/person_msgs/person_msgs_s__rosidl_typesupport_fastrtps_c.cpython-313-x86_64-linux-gnu.so
[5.404s] -- Set runtime path of "/home/rui810/ros2_ws/src/install/person_msgs/lib/python3.13/site-packages/person_msgs/person_msgs_s__rosidl_typesupport_fastrtps_c.cpython-313-x86_64-linux-gnu.so" to ""
[5.405s] -- Installing: /home/rui810/ros2_ws/src/install/person_msgs/lib/python3.13/site-packages/person_msgs/person_msgs_s__rosidl_typesupport_introspection_c.cpython-313-x86_64-linux-gnu.so
[5.405s] -- Set runtime path of "/home/rui810/ros2_ws/src/install/person_msgs/lib/python3.13/site-packages/person_msgs/person_msgs_s__rosidl_typesupport_introspection_c.cpython-313-x86_64-linux-gnu.so" to ""
[5.406s] -- Installing: /home/rui810/ros2_ws/src/install/person_msgs/lib/python3.13/site-packages/person_msgs/person_msgs_s__rosidl_typesupport_c.cpython-313-x86_64-linux-gnu.so
[5.407s] -- Set runtime path of "/home/rui810/ros2_ws/src/install/person_msgs/lib/python3.13/site-packages/person_msgs/person_msgs_s__rosidl_typesupport_c.cpython-313-x86_64-linux-gnu.so" to ""
[5.407s] -- Installing: /home/rui810/ros2_ws/src/install/person_msgs/lib/libperson_msgs__rosidl_generator_py.so
[5.408s] -- Set runtime path of "/home/rui810/ros2_ws/src/install/person_msgs/lib/libperson_msgs__rosidl_generator_py.so" to ""
[5.409s] -- Up-to-date: /home/rui810/ros2_ws/src/install/person_msgs/share/person_msgs/msg/Person.idl
[5.409s] -- Up-to-date: /home/rui810/ros2_ws/src/install/person_msgs/share/person_msgs/srv/Query.idl
[5.410s] -- Up-to-date: /home/rui810/ros2_ws/src/install/person_msgs/share/person_msgs/msg/Person.msg
[5.410s] -- Up-to-date: /home/rui810/ros2_ws/src/install/person_msgs/share/person_msgs/srv/Query.srv
[5.411s] -- Up-to-date: /home/rui810/ros2_ws/src/install/person_msgs/share/person_msgs/srv/Query_Request.msg
[5.412s] -- Up-to-date: /home/rui810/ros2_ws/src/install/person_msgs/share/person_msgs/srv/Query_Response.msg
[5.413s] -- Up-to-date: /home/rui810/ros2_ws/src/install/person_msgs/share/ament_index/resource_index/package_run_dependencies/person_msgs
[5.414s] -- Installing: /home/rui810/ros2_ws/src/install/person_msgs/share/ament_index/resource_index/parent_prefix_path/person_msgs
[5.414s] -- Up-to-date: /home/rui810/ros2_ws/src/install/person_msgs/share/person_msgs/environment/ament_prefix_path.sh
[5.414s] -- Installing: /home/rui810/ros2_ws/src/install/person_msgs/share/person_msgs/environment/ament_prefix_path.dsv
[5.414s] -- Up-to-date: /home/rui810/ros2_ws/src/install/person_msgs/share/person_msgs/environment/path.sh
[5.415s] -- Installing: /home/rui810/ros2_ws/src/install/person_msgs/share/person_msgs/environment/path.dsv
[5.416s] -- Up-to-date: /home/rui810/ros2_ws/src/install/person_msgs/share/person_msgs/local_setup.bash
[5.416s] -- Up-to-date: /home/rui810/ros2_ws/src/install/person_msgs/share/person_msgs/local_setup.sh
[5.416s] -- Up-to-date: /home/rui810/ros2_ws/src/install/person_msgs/share/person_msgs/local_setup.zsh
[5.417s] -- Installing: /home/rui810/ros2_ws/src/install/person_msgs/share/person_msgs/local_setup.dsv
[5.417s] -- Installing: /home/rui810/ros2_ws/src/install/person_msgs/share/person_msgs/package.dsv
[5.417s] -- Up-to-date: /home/rui810/ros2_ws/src/install/person_msgs/share/ament_index/resource_index/packages/person_msgs
[5.417s] -- Up-to-date: /home/rui810/ros2_ws/src/install/person_msgs/share/person_msgs/cmake/export_person_msgs__rosidl_generator_cExport.cmake
[5.417s] -- Up-to-date: /home/rui810/ros2_ws/src/install/person_msgs/share/person_msgs/cmake/export_person_msgs__rosidl_generator_cExport-noconfig.cmake
[5.418s] -- Up-to-date: /home/rui810/ros2_ws/src/install/person_msgs/share/person_msgs/cmake/export_person_msgs__rosidl_typesupport_fastrtps_cExport.cmake
[5.418s] -- Up-to-date: /home/rui810/ros2_ws/src/install/person_msgs/share/person_msgs/cmake/export_person_msgs__rosidl_typesupport_fastrtps_cExport-noconfig.cmake
[5.418s] -- Up-to-date: /home/rui810/ros2_ws/src/install/person_msgs/share/person_msgs/cmake/person_msgs__rosidl_typesupport_introspection_cExport.cmake
[5.419s] -- Up-to-date: /home/rui810/ros2_ws/src/install/person_msgs/share/person_msgs/cmake/person_msgs__rosidl_typesupport_introspection_cExport-noconfig.cmake
[5.419s] -- Up-to-date: /home/rui810/ros2_ws/src/install/person_msgs/share/person_msgs/cmake/person_msgs__rosidl_typesupport_cExport.cmake
[5.419s] -- Up-to-date: /home/rui810/ros2_ws/src/install/person_msgs/share/person_msgs/cmake/person_msgs__rosidl_typesupport_cExport-noconfig.cmake
[5.419s] -- Up-to-date: /home/rui810/ros2_ws/src/install/person_msgs/share/person_msgs/cmake/export_person_msgs__rosidl_generator_cppExport.cmake
[5.419s] -- Up-to-date: /home/rui810/ros2_ws/src/install/person_msgs/share/person_msgs/cmake/export_person_msgs__rosidl_typesupport_fastrtps_cppExport.cmake
[5.420s] -- Up-to-date: /home/rui810/ros2_ws/src/install/person_msgs/share/person_msgs/cmake/export_person_msgs__rosidl_typesupport_fastrtps_cppExport-noconfig.cmake
[5.421s] -- Up-to-date: /home/rui810/ros2_ws/src/install/person_msgs/share/person_msgs/cmake/person_msgs__rosidl_typesupport_introspection_cppExport.cmake
[5.421s] -- Up-to-date: /home/rui810/ros2_ws/src/install/person_msgs/share/person_msgs/cmake/person_msgs__rosidl_typesupport_introspection_cppExport-noconfig.cmake
[5.422s] -- Up-to-date: /home/rui810/ros2_ws/src/install/person_msgs/share/person_msgs/cmake/person_msgs__rosidl_typesupport_cppExport.cmake
[5.423s] -- Up-to-date: /home/rui810/ros2_ws/src/install/person_msgs/share/person_msgs/cmake/person_msgs__rosidl_typesupport_cppExport-noconfig.cmake
[5.425s] -- Old export file "/home/rui810/ros2_ws/src/install/person_msgs/share/person_msgs/cmake/export_person_msgs__rosidl_generator_pyExport.cmake" will be replaced.  Removing files [/home/rui810/ros2_ws/src/install/person_msgs/share/person_msgs/cmake/export_person_msgs__rosidl_generator_pyExport-noconfig.cmake].
[5.426s] -- Installing: /home/rui810/ros2_ws/src/install/person_msgs/share/person_msgs/cmake/export_person_msgs__rosidl_generator_pyExport.cmake
[5.426s] -- Installing: /home/rui810/ros2_ws/src/install/person_msgs/share/person_msgs/cmake/export_person_msgs__rosidl_generator_pyExport-noconfig.cmake
[5.426s] -- Up-to-date: /home/rui810/ros2_ws/src/install/person_msgs/share/person_msgs/cmake/rosidl_cmake-extras.cmake
[5.427s] -- Up-to-date: /home/rui810/ros2_ws/src/install/person_msgs/share/person_msgs/cmake/ament_cmake_export_include_directories-extras.cmake
[5.427s] -- Up-to-date: /home/rui810/ros2_ws/src/install/person_msgs/share/person_msgs/cmake/ament_cmake_export_libraries-extras.cmake
[5.427s] -- Up-to-date: /home/rui810/ros2_ws/src/install/person_msgs/share/person_msgs/cmake/ament_cmake_export_targets-extras.cmake
[5.427s] -- Up-to-date: /home/rui810/ros2_ws/src/install/person_msgs/share/person_msgs/cmake/rosidl_cmake_export_typesupport_targets-extras.cmake
[5.429s] -- Up-to-date: /home/rui810/ros2_ws/src/install/person_msgs/share/person_msgs/cmake/ament_cmake_export_dependencies-extras.cmake
[5.429s] -- Up-to-date: /home/rui810/ros2_ws/src/install/person_msgs/share/person_msgs/cmake/rosidl_cmake_export_typesupport_libraries-extras.cmake
[5.431s] -- Up-to-date: /home/rui810/ros2_ws/src/install/person_msgs/share/person_msgs/cmake/person_msgsConfig.cmake
[5.431s] -- Up-to-date: /home/rui810/ros2_ws/src/install/person_msgs/share/person_msgs/cmake/person_msgsConfig-version.cmake
[5.432s] -- Up-to-date: /home/rui810/ros2_ws/src/install/person_msgs/share/person_msgs/package.xml
[5.433s] Invoked command in '/home/rui810/ros2_ws/src/build/person_msgs' returned '0': CMAKE_PREFIX_PATH=${CMAKE_PREFIX_PATH}:/home/rui810/ros2_ws/src/install/mypkg:/home/rui810/ros2_ws/install/mypkg:/opt/ros/humble CONDA_PROMPT_MODIFIER=(base) /usr/bin/cmake --install /home/rui810/ros2_ws/src/build/person_msgs
