[0.307s] DEBUG:colcon:Command line arguments: ['/usr/bin/colcon', 'build', '--cmake-args', '-DPYTHON_EXECUTABLE=/usr/bin/python3.10']
[0.308s] DEBUG:colcon:Parsed command line arguments: Namespace(log_base=None, log_level=None, verb_name='build', build_base='build', install_base='install', merge_install=False, symlink_install=False, test_result_base=None, continue_on_error=False, executor='parallel', parallel_workers=12, event_handlers=None, ignore_user_meta=False, metas=['./colcon.meta'], base_paths=['.'], packages_ignore=None, packages_ignore_regex=None, paths=None, packages_up_to=None, packages_up_to_regex=None, packages_above=None, packages_above_and_dependencies=None, packages_above_depth=None, packages_select_by_dep=None, packages_skip_by_dep=None, packages_skip_up_to=None, packages_select_build_failed=False, packages_skip_build_finished=False, packages_select_test_failures=False, packages_skip_test_passed=False, packages_select=None, packages_skip=None, packages_select_regex=None, packages_skip_regex=None, packages_start=None, packages_end=None, allow_overriding=[], cmake_args=['-DPYTHON_EXECUTABLE=/usr/bin/python3.10'], cmake_target=None, cmake_target_skip_unavailable=False, cmake_clean_cache=False, cmake_clean_first=False, cmake_force_configure=False, ament_cmake_args=None, catkin_cmake_args=None, catkin_skip_building_tests=False, verb_parser=<colcon_defaults.argument_parser.defaults.DefaultArgumentsDecorator object at 0x7da1b321f970>, verb_extension=<colcon_core.verb.build.BuildVerb object at 0x7da1b321f400>, main=<bound method BuildVerb.main of <colcon_core.verb.build.BuildVerb object at 0x7da1b321f400>>)
[0.589s] Level 1:colcon.colcon_core.package_discovery:discover_packages(colcon_meta) check parameters
[0.590s] Level 1:colcon.colcon_core.package_discovery:discover_packages(recursive) check parameters
[0.590s] Level 1:colcon.colcon_core.package_discovery:discover_packages(ignore) check parameters
[0.590s] Level 1:colcon.colcon_core.package_discovery:discover_packages(path) check parameters
[0.590s] Level 1:colcon.colcon_core.package_discovery:discover_packages(colcon_meta) discover
[0.590s] Level 1:colcon.colcon_core.package_discovery:discover_packages(recursive) discover
[0.590s] INFO:colcon.colcon_core.package_discovery:Crawling recursively for packages in '/home/rui810/ros2_ws/src'
[0.590s] Level 1:colcon.colcon_core.package_identification:_identify(.) by extensions ['ignore', 'ignore_ament_install']
[0.590s] Level 1:colcon.colcon_core.package_identification:_identify(.) by extension 'ignore'
[0.590s] Level 1:colcon.colcon_core.package_identification:_identify(.) by extension 'ignore_ament_install'
[0.590s] Level 1:colcon.colcon_core.package_identification:_identify(.) by extensions ['colcon_pkg']
[0.591s] Level 1:colcon.colcon_core.package_identification:_identify(.) by extension 'colcon_pkg'
[0.591s] Level 1:colcon.colcon_core.package_identification:_identify(.) by extensions ['colcon_meta']
[0.591s] Level 1:colcon.colcon_core.package_identification:_identify(.) by extension 'colcon_meta'
[0.591s] Level 1:colcon.colcon_core.package_identification:_identify(.) by extensions ['ros']
[0.591s] Level 1:colcon.colcon_core.package_identification:_identify(.) by extension 'ros'
[0.621s] DEBUG:colcon.colcon_core.package_identification:Failed to parse potential ROS package manifest in'.': Error(s) in package './package.xml':
The manifest contains invalid XML:
no element found: line 1, column 0
[0.621s] Level 1:colcon.colcon_core.package_identification:_identify(.) by extensions ['cmake', 'python']
[0.621s] Level 1:colcon.colcon_core.package_identification:_identify(.) by extension 'cmake'
[0.621s] Level 1:colcon.colcon_core.package_identification:_identify(.) by extension 'python'
[0.621s] Level 1:colcon.colcon_core.package_identification:_identify(.) by extensions ['python_setup_py']
[0.621s] Level 1:colcon.colcon_core.package_identification:_identify(.) by extension 'python_setup_py'
[0.621s] Level 1:colcon.colcon_core.package_identification:_identify(build) by extensions ['ignore', 'ignore_ament_install']
[0.622s] Level 1:colcon.colcon_core.package_identification:_identify(build) by extension 'ignore'
[0.622s] Level 1:colcon.colcon_core.package_identification:_identify(build) ignored
[0.622s] Level 1:colcon.colcon_core.package_identification:_identify(install) by extensions ['ignore', 'ignore_ament_install']
[0.623s] Level 1:colcon.colcon_core.package_identification:_identify(install) by extension 'ignore'
[0.623s] Level 1:colcon.colcon_core.package_identification:_identify(install) ignored
[0.623s] Level 1:colcon.colcon_core.package_identification:_identify(log) by extensions ['ignore', 'ignore_ament_install']
[0.624s] Level 1:colcon.colcon_core.package_identification:_identify(log) by extension 'ignore'
[0.624s] Level 1:colcon.colcon_core.package_identification:_identify(log) ignored
[0.624s] Level 1:colcon.colcon_core.package_identification:_identify(mypkg) by extensions ['ignore', 'ignore_ament_install']
[0.625s] Level 1:colcon.colcon_core.package_identification:_identify(mypkg) by extension 'ignore'
[0.625s] Level 1:colcon.colcon_core.package_identification:_identify(mypkg) by extension 'ignore_ament_install'
[0.625s] Level 1:colcon.colcon_core.package_identification:_identify(mypkg) by extensions ['colcon_pkg']
[0.625s] Level 1:colcon.colcon_core.package_identification:_identify(mypkg) by extension 'colcon_pkg'
[0.625s] Level 1:colcon.colcon_core.package_identification:_identify(mypkg) by extensions ['colcon_meta']
[0.625s] Level 1:colcon.colcon_core.package_identification:_identify(mypkg) by extension 'colcon_meta'
[0.625s] Level 1:colcon.colcon_core.package_identification:_identify(mypkg) by extensions ['ros']
[0.625s] Level 1:colcon.colcon_core.package_identification:_identify(mypkg) by extension 'ros'
[0.630s] DEBUG:colcon.colcon_core.package_identification:Package 'mypkg' with type 'ros.ament_python' and name 'mypkg'
[0.630s] Level 1:colcon.colcon_core.package_identification:_identify(person_msgs) by extensions ['ignore', 'ignore_ament_install']
[0.630s] Level 1:colcon.colcon_core.package_identification:_identify(person_msgs) by extension 'ignore'
[0.630s] Level 1:colcon.colcon_core.package_identification:_identify(person_msgs) by extension 'ignore_ament_install'
[0.630s] Level 1:colcon.colcon_core.package_identification:_identify(person_msgs) by extensions ['colcon_pkg']
[0.630s] Level 1:colcon.colcon_core.package_identification:_identify(person_msgs) by extension 'colcon_pkg'
[0.630s] Level 1:colcon.colcon_core.package_identification:_identify(person_msgs) by extensions ['colcon_meta']
[0.631s] Level 1:colcon.colcon_core.package_identification:_identify(person_msgs) by extension 'colcon_meta'
[0.631s] Level 1:colcon.colcon_core.package_identification:_identify(person_msgs) by extensions ['ros']
[0.631s] Level 1:colcon.colcon_core.package_identification:_identify(person_msgs) by extension 'ros'
[0.632s] DEBUG:colcon.colcon_core.package_identification:Package 'person_msgs' with type 'ros.ament_cmake' and name 'person_msgs'
[0.632s] Level 1:colcon.colcon_core.package_discovery:discover_packages(recursive) using defaults
[0.633s] Level 1:colcon.colcon_core.package_discovery:discover_packages(ignore) discover
[0.633s] Level 1:colcon.colcon_core.package_discovery:discover_packages(ignore) using defaults
[0.633s] Level 1:colcon.colcon_core.package_discovery:discover_packages(path) discover
[0.633s] Level 1:colcon.colcon_core.package_discovery:discover_packages(path) using defaults
[0.678s] Level 1:colcon.colcon_core.package_discovery:discover_packages(prefix_path) check parameters
[0.678s] Level 1:colcon.colcon_core.package_discovery:discover_packages(prefix_path) discover
[0.682s] DEBUG:colcon.colcon_installed_package_information.package_discovery:Found 2 installed packages in /home/rui810/ros2_ws/src/install
[0.683s] DEBUG:colcon.colcon_installed_package_information.package_discovery:Found 2 installed packages in /home/rui810/ros2_ws/install
[0.685s] DEBUG:colcon.colcon_installed_package_information.package_discovery:Found 271 installed packages in /opt/ros/humble
[0.688s] Level 1:colcon.colcon_core.package_discovery:discover_packages(prefix_path) using defaults
[0.796s] Level 5:colcon.colcon_core.verb:set package 'person_msgs' build argument 'cmake_args' from command line to '['-DPYTHON_EXECUTABLE=/usr/bin/python3.10']'
[0.796s] Level 5:colcon.colcon_core.verb:set package 'person_msgs' build argument 'cmake_target' from command line to 'None'
[0.796s] Level 5:colcon.colcon_core.verb:set package 'person_msgs' build argument 'cmake_target_skip_unavailable' from command line to 'False'
[0.796s] Level 5:colcon.colcon_core.verb:set package 'person_msgs' build argument 'cmake_clean_cache' from command line to 'False'
[0.796s] Level 5:colcon.colcon_core.verb:set package 'person_msgs' build argument 'cmake_clean_first' from command line to 'False'
[0.796s] Level 5:colcon.colcon_core.verb:set package 'person_msgs' build argument 'cmake_force_configure' from command line to 'False'
[0.796s] Level 5:colcon.colcon_core.verb:set package 'person_msgs' build argument 'ament_cmake_args' from command line to 'None'
[0.797s] Level 5:colcon.colcon_core.verb:set package 'person_msgs' build argument 'catkin_cmake_args' from command line to 'None'
[0.798s] Level 5:colcon.colcon_core.verb:set package 'person_msgs' build argument 'catkin_skip_building_tests' from command line to 'False'
[0.798s] DEBUG:colcon.colcon_core.verb:Building package 'person_msgs' with the following arguments: {'ament_cmake_args': None, 'build_base': '/home/rui810/ros2_ws/src/build/person_msgs', 'catkin_cmake_args': None, 'catkin_skip_building_tests': False, 'cmake_args': ['-DPYTHON_EXECUTABLE=/usr/bin/python3.10'], 'cmake_clean_cache': False, 'cmake_clean_first': False, 'cmake_force_configure': False, 'cmake_target': None, 'cmake_target_skip_unavailable': False, 'install_base': '/home/rui810/ros2_ws/src/install/person_msgs', 'merge_install': False, 'path': '/home/rui810/ros2_ws/src/person_msgs', 'symlink_install': False, 'test_result_base': None}
[0.802s] Level 5:colcon.colcon_core.verb:set package 'mypkg' build argument 'cmake_args' from command line to '['-DPYTHON_EXECUTABLE=/usr/bin/python3.10']'
[0.803s] Level 5:colcon.colcon_core.verb:set package 'mypkg' build argument 'cmake_target' from command line to 'None'
[0.803s] Level 5:colcon.colcon_core.verb:set package 'mypkg' build argument 'cmake_target_skip_unavailable' from command line to 'False'
[0.803s] Level 5:colcon.colcon_core.verb:set package 'mypkg' build argument 'cmake_clean_cache' from command line to 'False'
[0.803s] Level 5:colcon.colcon_core.verb:set package 'mypkg' build argument 'cmake_clean_first' from command line to 'False'
[0.804s] Level 5:colcon.colcon_core.verb:set package 'mypkg' build argument 'cmake_force_configure' from command line to 'False'
[0.804s] Level 5:colcon.colcon_core.verb:set package 'mypkg' build argument 'ament_cmake_args' from command line to 'None'
[0.804s] Level 5:colcon.colcon_core.verb:set package 'mypkg' build argument 'catkin_cmake_args' from command line to 'None'
[0.804s] Level 5:colcon.colcon_core.verb:set package 'mypkg' build argument 'catkin_skip_building_tests' from command line to 'False'
[0.805s] DEBUG:colcon.colcon_core.verb:Building package 'mypkg' with the following arguments: {'ament_cmake_args': None, 'build_base': '/home/rui810/ros2_ws/src/build/mypkg', 'catkin_cmake_args': None, 'catkin_skip_building_tests': False, 'cmake_args': ['-DPYTHON_EXECUTABLE=/usr/bin/python3.10'], 'cmake_clean_cache': False, 'cmake_clean_first': False, 'cmake_force_configure': False, 'cmake_target': None, 'cmake_target_skip_unavailable': False, 'install_base': '/home/rui810/ros2_ws/src/install/mypkg', 'merge_install': False, 'path': '/home/rui810/ros2_ws/src/mypkg', 'symlink_install': False, 'test_result_base': None}
[0.805s] INFO:colcon.colcon_core.executor:Executing jobs using 'parallel' executor
[0.808s] DEBUG:colcon.colcon_parallel_executor.executor.parallel:run_until_complete
[0.809s] INFO:colcon.colcon_ros.task.ament_cmake.build:Building ROS package in '/home/rui810/ros2_ws/src/person_msgs' with build type 'ament_cmake'
[0.810s] INFO:colcon.colcon_cmake.task.cmake.build:Building CMake package in '/home/rui810/ros2_ws/src/person_msgs'
[0.819s] INFO:colcon.colcon_core.plugin_system:Skipping extension 'colcon_core.shell.bat': Not used on non-Windows systems
[0.821s] INFO:colcon.colcon_core.shell:Skip shell extension 'powershell' for command environment: Not usable outside of PowerShell
[0.821s] DEBUG:colcon.colcon_core.shell:Skip shell extension 'dsv' for command environment
[0.854s] DEBUG:colcon.colcon_core.event_handler.log_command:Invoking command in '/home/rui810/ros2_ws/src/build/person_msgs': CMAKE_PREFIX_PATH=${CMAKE_PREFIX_PATH}:/home/rui810/ros2_ws/src/install/mypkg:/home/rui810/ros2_ws/install/mypkg:/opt/ros/humble CONDA_PROMPT_MODIFIER=(base) /usr/bin/cmake /home/rui810/ros2_ws/src/person_msgs -DPYTHON_EXECUTABLE=/usr/bin/python3.10 -DCMAKE_INSTALL_PREFIX=/home/rui810/ros2_ws/src/install/person_msgs
[3.914s] DEBUG:colcon.colcon_core.event_handler.log_command:Invoked command in '/home/rui810/ros2_ws/src/build/person_msgs' returned '0': CMAKE_PREFIX_PATH=${CMAKE_PREFIX_PATH}:/home/rui810/ros2_ws/src/install/mypkg:/home/rui810/ros2_ws/install/mypkg:/opt/ros/humble CONDA_PROMPT_MODIFIER=(base) /usr/bin/cmake /home/rui810/ros2_ws/src/person_msgs -DPYTHON_EXECUTABLE=/usr/bin/python3.10 -DCMAKE_INSTALL_PREFIX=/home/rui810/ros2_ws/src/install/person_msgs
[3.915s] DEBUG:colcon.colcon_core.event_handler.log_command:Invoking command in '/home/rui810/ros2_ws/src/build/person_msgs': CMAKE_PREFIX_PATH=${CMAKE_PREFIX_PATH}:/home/rui810/ros2_ws/src/install/mypkg:/home/rui810/ros2_ws/install/mypkg:/opt/ros/humble CONDA_PROMPT_MODIFIER=(base) /usr/bin/cmake --build /home/rui810/ros2_ws/src/build/person_msgs -- -j12 -l12
[6.026s] DEBUG:colcon.colcon_core.event_handler.log_command:Invoked command in '/home/rui810/ros2_ws/src/build/person_msgs' returned '0': CMAKE_PREFIX_PATH=${CMAKE_PREFIX_PATH}:/home/rui810/ros2_ws/src/install/mypkg:/home/rui810/ros2_ws/install/mypkg:/opt/ros/humble CONDA_PROMPT_MODIFIER=(base) /usr/bin/cmake --build /home/rui810/ros2_ws/src/build/person_msgs -- -j12 -l12
[6.057s] DEBUG:colcon.colcon_core.event_handler.log_command:Invoking command in '/home/rui810/ros2_ws/src/build/person_msgs': CMAKE_PREFIX_PATH=${CMAKE_PREFIX_PATH}:/home/rui810/ros2_ws/src/install/mypkg:/home/rui810/ros2_ws/install/mypkg:/opt/ros/humble CONDA_PROMPT_MODIFIER=(base) /usr/bin/cmake --install /home/rui810/ros2_ws/src/build/person_msgs
[6.239s] Level 1:colcon.colcon_core.environment:create_environment_scripts_only(person_msgs)
[6.244s] DEBUG:colcon.colcon_core.event_handler.log_command:Invoked command in '/home/rui810/ros2_ws/src/build/person_msgs' returned '0': CMAKE_PREFIX_PATH=${CMAKE_PREFIX_PATH}:/home/rui810/ros2_ws/src/install/mypkg:/home/rui810/ros2_ws/install/mypkg:/opt/ros/humble CONDA_PROMPT_MODIFIER=(base) /usr/bin/cmake --install /home/rui810/ros2_ws/src/build/person_msgs
[6.248s] Level 1:colcon.colcon_core.environment:checking '/home/rui810/ros2_ws/src/install/person_msgs' for CMake module files
[6.249s] Level 1:colcon.colcon_core.environment:checking '/home/rui810/ros2_ws/src/install/person_msgs' for CMake config files
[6.250s] Level 1:colcon.colcon_core.shell:create_environment_hook('person_msgs', 'cmake_prefix_path')
[6.251s] INFO:colcon.colcon_core.shell:Creating environment hook '/home/rui810/ros2_ws/src/install/person_msgs/share/person_msgs/hook/cmake_prefix_path.ps1'
[6.252s] INFO:colcon.colcon_core.shell:Creating environment descriptor '/home/rui810/ros2_ws/src/install/person_msgs/share/person_msgs/hook/cmake_prefix_path.dsv'
[6.253s] INFO:colcon.colcon_core.shell:Creating environment hook '/home/rui810/ros2_ws/src/install/person_msgs/share/person_msgs/hook/cmake_prefix_path.sh'
[6.256s] Level 1:colcon.colcon_core.environment:checking '/home/rui810/ros2_ws/src/install/person_msgs/lib'
[6.256s] Level 1:colcon.colcon_core.shell:create_environment_hook('person_msgs', 'ld_library_path_lib')
[6.257s] INFO:colcon.colcon_core.shell:Creating environment hook '/home/rui810/ros2_ws/src/install/person_msgs/share/person_msgs/hook/ld_library_path_lib.ps1'
[6.258s] INFO:colcon.colcon_core.shell:Creating environment descriptor '/home/rui810/ros2_ws/src/install/person_msgs/share/person_msgs/hook/ld_library_path_lib.dsv'
[6.259s] INFO:colcon.colcon_core.shell:Creating environment hook '/home/rui810/ros2_ws/src/install/person_msgs/share/person_msgs/hook/ld_library_path_lib.sh'
[6.259s] Level 1:colcon.colcon_core.environment:checking '/home/rui810/ros2_ws/src/install/person_msgs/bin'
[6.260s] Level 1:colcon.colcon_core.environment:checking '/home/rui810/ros2_ws/src/install/person_msgs/lib/pkgconfig/person_msgs.pc'
[6.260s] Level 1:colcon.colcon_core.environment:checking '/home/rui810/ros2_ws/src/install/person_msgs/lib/python3.10/site-packages'
[6.261s] Level 1:colcon.colcon_core.environment:checking '/home/rui810/ros2_ws/src/install/person_msgs/bin'
[6.262s] INFO:colcon.colcon_core.shell:Creating package script '/home/rui810/ros2_ws/src/install/person_msgs/share/person_msgs/package.ps1'
[6.263s] INFO:colcon.colcon_core.shell:Creating package descriptor '/home/rui810/ros2_ws/src/install/person_msgs/share/person_msgs/package.dsv'
[6.264s] INFO:colcon.colcon_core.shell:Creating package script '/home/rui810/ros2_ws/src/install/person_msgs/share/person_msgs/package.sh'
[6.266s] INFO:colcon.colcon_core.shell:Creating package script '/home/rui810/ros2_ws/src/install/person_msgs/share/person_msgs/package.bash'
[6.267s] INFO:colcon.colcon_core.shell:Creating package script '/home/rui810/ros2_ws/src/install/person_msgs/share/person_msgs/package.zsh'
[6.269s] Level 1:colcon.colcon_core.environment:create_file_with_runtime_dependencies(/home/rui810/ros2_ws/src/install/person_msgs/share/colcon-core/packages/person_msgs)
[6.270s] Level 1:colcon.colcon_core.environment:create_environment_scripts_only(person_msgs)
[6.271s] Level 1:colcon.colcon_core.environment:checking '/home/rui810/ros2_ws/src/install/person_msgs' for CMake module files
[6.272s] Level 1:colcon.colcon_core.environment:checking '/home/rui810/ros2_ws/src/install/person_msgs' for CMake config files
[6.273s] Level 1:colcon.colcon_core.shell:create_environment_hook('person_msgs', 'cmake_prefix_path')
[6.273s] INFO:colcon.colcon_core.shell:Creating environment hook '/home/rui810/ros2_ws/src/install/person_msgs/share/person_msgs/hook/cmake_prefix_path.ps1'
[6.274s] INFO:colcon.colcon_core.shell:Creating environment descriptor '/home/rui810/ros2_ws/src/install/person_msgs/share/person_msgs/hook/cmake_prefix_path.dsv'
[6.275s] INFO:colcon.colcon_core.shell:Creating environment hook '/home/rui810/ros2_ws/src/install/person_msgs/share/person_msgs/hook/cmake_prefix_path.sh'
[6.276s] Level 1:colcon.colcon_core.environment:checking '/home/rui810/ros2_ws/src/install/person_msgs/lib'
[6.277s] Level 1:colcon.colcon_core.shell:create_environment_hook('person_msgs', 'ld_library_path_lib')
[6.277s] INFO:colcon.colcon_core.shell:Creating environment hook '/home/rui810/ros2_ws/src/install/person_msgs/share/person_msgs/hook/ld_library_path_lib.ps1'
[6.278s] INFO:colcon.colcon_core.shell:Creating environment descriptor '/home/rui810/ros2_ws/src/install/person_msgs/share/person_msgs/hook/ld_library_path_lib.dsv'
[6.279s] INFO:colcon.colcon_core.shell:Creating environment hook '/home/rui810/ros2_ws/src/install/person_msgs/share/person_msgs/hook/ld_library_path_lib.sh'
[6.279s] Level 1:colcon.colcon_core.environment:checking '/home/rui810/ros2_ws/src/install/person_msgs/bin'
[6.280s] Level 1:colcon.colcon_core.environment:checking '/home/rui810/ros2_ws/src/install/person_msgs/lib/pkgconfig/person_msgs.pc'
[6.280s] Level 1:colcon.colcon_core.environment:checking '/home/rui810/ros2_ws/src/install/person_msgs/lib/python3.10/site-packages'
[6.281s] Level 1:colcon.colcon_core.environment:checking '/home/rui810/ros2_ws/src/install/person_msgs/bin'
[6.282s] INFO:colcon.colcon_core.shell:Creating package script '/home/rui810/ros2_ws/src/install/person_msgs/share/person_msgs/package.ps1'
[6.283s] INFO:colcon.colcon_core.shell:Creating package descriptor '/home/rui810/ros2_ws/src/install/person_msgs/share/person_msgs/package.dsv'
[6.284s] INFO:colcon.colcon_core.shell:Creating package script '/home/rui810/ros2_ws/src/install/person_msgs/share/person_msgs/package.sh'
[6.285s] INFO:colcon.colcon_core.shell:Creating package script '/home/rui810/ros2_ws/src/install/person_msgs/share/person_msgs/package.bash'
[6.286s] INFO:colcon.colcon_core.shell:Creating package script '/home/rui810/ros2_ws/src/install/person_msgs/share/person_msgs/package.zsh'
[6.287s] Level 1:colcon.colcon_core.environment:create_file_with_runtime_dependencies(/home/rui810/ros2_ws/src/install/person_msgs/share/colcon-core/packages/person_msgs)
[6.288s] INFO:colcon.colcon_ros.task.ament_python.build:Building ROS package in '/home/rui810/ros2_ws/src/mypkg' with build type 'ament_python'
[6.289s] Level 1:colcon.colcon_core.shell:create_environment_hook('mypkg', 'ament_prefix_path')
[6.289s] INFO:colcon.colcon_core.shell:Creating environment hook '/home/rui810/ros2_ws/src/install/mypkg/share/mypkg/hook/ament_prefix_path.ps1'
[6.293s] INFO:colcon.colcon_core.shell:Creating environment descriptor '/home/rui810/ros2_ws/src/install/mypkg/share/mypkg/hook/ament_prefix_path.dsv'
[6.294s] INFO:colcon.colcon_core.shell:Creating environment hook '/home/rui810/ros2_ws/src/install/mypkg/share/mypkg/hook/ament_prefix_path.sh'
[6.296s] INFO:colcon.colcon_core.shell:Skip shell extension 'powershell' for command environment: Not usable outside of PowerShell
[6.296s] DEBUG:colcon.colcon_core.shell:Skip shell extension 'dsv' for command environment
[6.845s] INFO:colcon.colcon_core.task.python.build:Building Python package in '/home/rui810/ros2_ws/src/mypkg'
[6.847s] INFO:colcon.colcon_core.shell:Skip shell extension 'powershell' for command environment: Not usable outside of PowerShell
[6.847s] DEBUG:colcon.colcon_core.shell:Skip shell extension 'dsv' for command environment
[7.535s] DEBUG:colcon.colcon_core.event_handler.log_command:Invoking command in '/home/rui810/ros2_ws/src/mypkg': CONDA_PROMPT_MODIFIER=(base) PYTHONPATH=/home/rui810/ros2_ws/src/build/mypkg/prefix_override:/usr/lib/python3/dist-packages/colcon_core/task/python/colcon_distutils_commands:/home/rui810/ros2_ws/src/install/mypkg/lib/python3.10/site-packages:${PYTHONPATH} /usr/bin/python3 -W ignore:setup.py install is deprecated -W ignore:easy_install command is deprecated setup.py egg_info --egg-base ../build/mypkg build --build-base /home/rui810/ros2_ws/src/build/mypkg/build install --record /home/rui810/ros2_ws/src/build/mypkg/install.log --single-version-externally-managed install_data
[8.076s] Level 1:colcon.colcon_core.environment:checking '/home/rui810/ros2_ws/src/install/mypkg' for CMake module files
[8.077s] DEBUG:colcon.colcon_core.event_handler.log_command:Invoked command in '/home/rui810/ros2_ws/src/mypkg' returned '0': CONDA_PROMPT_MODIFIER=(base) PYTHONPATH=/home/rui810/ros2_ws/src/build/mypkg/prefix_override:/usr/lib/python3/dist-packages/colcon_core/task/python/colcon_distutils_commands:/home/rui810/ros2_ws/src/install/mypkg/lib/python3.10/site-packages:${PYTHONPATH} /usr/bin/python3 -W ignore:setup.py install is deprecated -W ignore:easy_install command is deprecated setup.py egg_info --egg-base ../build/mypkg build --build-base /home/rui810/ros2_ws/src/build/mypkg/build install --record /home/rui810/ros2_ws/src/build/mypkg/install.log --single-version-externally-managed install_data
[8.078s] Level 1:colcon.colcon_core.environment:checking '/home/rui810/ros2_ws/src/install/mypkg' for CMake config files
[8.080s] Level 1:colcon.colcon_core.environment:checking '/home/rui810/ros2_ws/src/install/mypkg/lib'
[8.080s] Level 1:colcon.colcon_core.environment:checking '/home/rui810/ros2_ws/src/install/mypkg/bin'
[8.080s] Level 1:colcon.colcon_core.environment:checking '/home/rui810/ros2_ws/src/install/mypkg/lib/pkgconfig/mypkg.pc'
[8.081s] Level 1:colcon.colcon_core.environment:checking '/home/rui810/ros2_ws/src/install/mypkg/lib/python3.10/site-packages'
[8.081s] Level 1:colcon.colcon_core.shell:create_environment_hook('mypkg', 'pythonpath')
[8.082s] INFO:colcon.colcon_core.shell:Creating environment hook '/home/rui810/ros2_ws/src/install/mypkg/share/mypkg/hook/pythonpath.ps1'
[8.083s] INFO:colcon.colcon_core.shell:Creating environment descriptor '/home/rui810/ros2_ws/src/install/mypkg/share/mypkg/hook/pythonpath.dsv'
[8.084s] INFO:colcon.colcon_core.shell:Creating environment hook '/home/rui810/ros2_ws/src/install/mypkg/share/mypkg/hook/pythonpath.sh'
[8.085s] Level 1:colcon.colcon_core.environment:checking '/home/rui810/ros2_ws/src/install/mypkg/bin'
[8.086s] Level 1:colcon.colcon_core.environment:create_environment_scripts_only(mypkg)
[8.086s] INFO:colcon.colcon_core.shell:Creating package script '/home/rui810/ros2_ws/src/install/mypkg/share/mypkg/package.ps1'
[8.087s] INFO:colcon.colcon_core.shell:Creating package descriptor '/home/rui810/ros2_ws/src/install/mypkg/share/mypkg/package.dsv'
[8.088s] INFO:colcon.colcon_core.shell:Creating package script '/home/rui810/ros2_ws/src/install/mypkg/share/mypkg/package.sh'
[8.089s] INFO:colcon.colcon_core.shell:Creating package script '/home/rui810/ros2_ws/src/install/mypkg/share/mypkg/package.bash'
[8.091s] INFO:colcon.colcon_core.shell:Creating package script '/home/rui810/ros2_ws/src/install/mypkg/share/mypkg/package.zsh'
[8.092s] Level 1:colcon.colcon_core.environment:create_file_with_runtime_dependencies(/home/rui810/ros2_ws/src/install/mypkg/share/colcon-core/packages/mypkg)
[8.093s] DEBUG:colcon.colcon_parallel_executor.executor.parallel:closing loop
[8.093s] DEBUG:colcon.colcon_parallel_executor.executor.parallel:loop closed
[8.093s] DEBUG:colcon.colcon_parallel_executor.executor.parallel:run_until_complete finished with '0'
[8.096s] DEBUG:colcon.colcon_core.event_reactor:joining thread
[8.169s] INFO:colcon.colcon_core.plugin_system:Skipping extension 'colcon_notification.desktop_notification.notify_send': Could not find 'notify-send'
[8.170s] INFO:colcon.colcon_core.plugin_system:Skipping extension 'colcon_notification.desktop_notification.terminal_notifier': Not used on non-Darwin systems
[8.170s] INFO:colcon.colcon_core.plugin_system:Skipping extension 'colcon_notification.desktop_notification.win32': Not used on non-Windows systems
[8.170s] INFO:colcon.colcon_notification.desktop_notification:Sending desktop notification using 'notify2'
[8.174s] DEBUG:colcon.colcon_notification.desktop_notification.notify2:Failed to initialize notify2: org.freedesktop.DBus.Error.ServiceUnknown: The name org.freedesktop.Notifications was not provided by any .service files
[8.174s] DEBUG:colcon.colcon_core.event_reactor:joined thread
[8.175s] INFO:colcon.colcon_core.shell:Creating prefix script '/home/rui810/ros2_ws/src/install/local_setup.ps1'
[8.178s] INFO:colcon.colcon_core.shell:Creating prefix util module '/home/rui810/ros2_ws/src/install/_local_setup_util_ps1.py'
[8.182s] INFO:colcon.colcon_core.shell:Creating prefix chain script '/home/rui810/ros2_ws/src/install/setup.ps1'
[8.185s] INFO:colcon.colcon_core.shell:Creating prefix script '/home/rui810/ros2_ws/src/install/local_setup.sh'
[8.187s] INFO:colcon.colcon_core.shell:Creating prefix util module '/home/rui810/ros2_ws/src/install/_local_setup_util_sh.py'
[8.188s] INFO:colcon.colcon_core.shell:Creating prefix chain script '/home/rui810/ros2_ws/src/install/setup.sh'
[8.190s] INFO:colcon.colcon_core.shell:Creating prefix script '/home/rui810/ros2_ws/src/install/local_setup.bash'
[8.191s] INFO:colcon.colcon_core.shell:Creating prefix chain script '/home/rui810/ros2_ws/src/install/setup.bash'
[8.194s] INFO:colcon.colcon_core.shell:Creating prefix script '/home/rui810/ros2_ws/src/install/local_setup.zsh'
[8.195s] INFO:colcon.colcon_core.shell:Creating prefix chain script '/home/rui810/ros2_ws/src/install/setup.zsh'
