[0.526s] DEBUG:colcon:Command line arguments: ['/usr/bin/colcon', 'build']
[0.526s] DEBUG:colcon:Parsed command line arguments: Namespace(log_base=None, log_level=None, verb_name='build', build_base='build', install_base='install', merge_install=False, symlink_install=False, test_result_base=None, continue_on_error=False, executor='parallel', parallel_workers=12, event_handlers=None, ignore_user_meta=False, metas=['./colcon.meta'], base_paths=['.'], packages_ignore=None, packages_ignore_regex=None, paths=None, packages_up_to=None, packages_up_to_regex=None, packages_above=None, packages_above_and_dependencies=None, packages_above_depth=None, packages_select_by_dep=None, packages_skip_by_dep=None, packages_skip_up_to=None, packages_select_build_failed=False, packages_skip_build_finished=False, packages_select_test_failures=False, packages_skip_test_passed=False, packages_select=None, packages_skip=None, packages_select_regex=None, packages_skip_regex=None, packages_start=None, packages_end=None, allow_overriding=[], cmake_args=None, cmake_target=None, cmake_target_skip_unavailable=False, cmake_clean_cache=False, cmake_clean_first=False, cmake_force_configure=False, ament_cmake_args=None, catkin_cmake_args=None, catkin_skip_building_tests=False, verb_parser=<colcon_defaults.argument_parser.defaults.DefaultArgumentsDecorator object at 0x7d4889813460>, verb_extension=<colcon_core.verb.build.BuildVerb object at 0x7d4889812ef0>, main=<bound method BuildVerb.main of <colcon_core.verb.build.BuildVerb object at 0x7d4889812ef0>>)
[1.111s] Level 1:colcon.colcon_core.package_discovery:discover_packages(colcon_meta) check parameters
[1.111s] Level 1:colcon.colcon_core.package_discovery:discover_packages(recursive) check parameters
[1.111s] Level 1:colcon.colcon_core.package_discovery:discover_packages(ignore) check parameters
[1.111s] Level 1:colcon.colcon_core.package_discovery:discover_packages(path) check parameters
[1.111s] Level 1:colcon.colcon_core.package_discovery:discover_packages(colcon_meta) discover
[1.111s] Level 1:colcon.colcon_core.package_discovery:discover_packages(recursive) discover
[1.112s] INFO:colcon.colcon_core.package_discovery:Crawling recursively for packages in '/home/rui810/ros2_ws/src'
[1.112s] Level 1:colcon.colcon_core.package_identification:_identify(.) by extensions ['ignore', 'ignore_ament_install']
[1.112s] Level 1:colcon.colcon_core.package_identification:_identify(.) by extension 'ignore'
[1.112s] Level 1:colcon.colcon_core.package_identification:_identify(.) by extension 'ignore_ament_install'
[1.112s] Level 1:colcon.colcon_core.package_identification:_identify(.) by extensions ['colcon_pkg']
[1.112s] Level 1:colcon.colcon_core.package_identification:_identify(.) by extension 'colcon_pkg'
[1.112s] Level 1:colcon.colcon_core.package_identification:_identify(.) by extensions ['colcon_meta']
[1.112s] Level 1:colcon.colcon_core.package_identification:_identify(.) by extension 'colcon_meta'
[1.112s] Level 1:colcon.colcon_core.package_identification:_identify(.) by extensions ['ros']
[1.112s] Level 1:colcon.colcon_core.package_identification:_identify(.) by extension 'ros'
[1.148s] DEBUG:colcon.colcon_core.package_identification:Failed to parse potential ROS package manifest in'.': Error(s) in package './package.xml':
The manifest contains invalid XML:
no element found: line 1, column 0
[1.148s] Level 1:colcon.colcon_core.package_identification:_identify(.) by extensions ['cmake', 'python']
[1.148s] Level 1:colcon.colcon_core.package_identification:_identify(.) by extension 'cmake'
[1.148s] Level 1:colcon.colcon_core.package_identification:_identify(.) by extension 'python'
[1.148s] Level 1:colcon.colcon_core.package_identification:_identify(.) by extensions ['python_setup_py']
[1.148s] Level 1:colcon.colcon_core.package_identification:_identify(.) by extension 'python_setup_py'
[1.149s] Level 1:colcon.colcon_core.package_identification:_identify(build) by extensions ['ignore', 'ignore_ament_install']
[1.149s] Level 1:colcon.colcon_core.package_identification:_identify(build) by extension 'ignore'
[1.149s] Level 1:colcon.colcon_core.package_identification:_identify(build) ignored
[1.149s] Level 1:colcon.colcon_core.package_identification:_identify(install) by extensions ['ignore', 'ignore_ament_install']
[1.149s] Level 1:colcon.colcon_core.package_identification:_identify(install) by extension 'ignore'
[1.149s] Level 1:colcon.colcon_core.package_identification:_identify(install) ignored
[1.150s] Level 1:colcon.colcon_core.package_identification:_identify(log) by extensions ['ignore', 'ignore_ament_install']
[1.150s] Level 1:colcon.colcon_core.package_identification:_identify(log) by extension 'ignore'
[1.150s] Level 1:colcon.colcon_core.package_identification:_identify(log) ignored
[1.150s] Level 1:colcon.colcon_core.package_identification:_identify(mypkg) by extensions ['ignore', 'ignore_ament_install']
[1.150s] Level 1:colcon.colcon_core.package_identification:_identify(mypkg) by extension 'ignore'
[1.150s] Level 1:colcon.colcon_core.package_identification:_identify(mypkg) by extension 'ignore_ament_install'
[1.150s] Level 1:colcon.colcon_core.package_identification:_identify(mypkg) by extensions ['colcon_pkg']
[1.150s] Level 1:colcon.colcon_core.package_identification:_identify(mypkg) by extension 'colcon_pkg'
[1.150s] Level 1:colcon.colcon_core.package_identification:_identify(mypkg) by extensions ['colcon_meta']
[1.150s] Level 1:colcon.colcon_core.package_identification:_identify(mypkg) by extension 'colcon_meta'
[1.150s] Level 1:colcon.colcon_core.package_identification:_identify(mypkg) by extensions ['ros']
[1.150s] Level 1:colcon.colcon_core.package_identification:_identify(mypkg) by extension 'ros'
[1.156s] DEBUG:colcon.colcon_core.package_identification:Package 'mypkg' with type 'ros.ament_python' and name 'mypkg'
[1.156s] Level 1:colcon.colcon_core.package_identification:_identify(person_msgs) by extensions ['ignore', 'ignore_ament_install']
[1.156s] Level 1:colcon.colcon_core.package_identification:_identify(person_msgs) by extension 'ignore'
[1.156s] Level 1:colcon.colcon_core.package_identification:_identify(person_msgs) by extension 'ignore_ament_install'
[1.156s] Level 1:colcon.colcon_core.package_identification:_identify(person_msgs) by extensions ['colcon_pkg']
[1.156s] Level 1:colcon.colcon_core.package_identification:_identify(person_msgs) by extension 'colcon_pkg'
[1.156s] Level 1:colcon.colcon_core.package_identification:_identify(person_msgs) by extensions ['colcon_meta']
[1.156s] Level 1:colcon.colcon_core.package_identification:_identify(person_msgs) by extension 'colcon_meta'
[1.157s] Level 1:colcon.colcon_core.package_identification:_identify(person_msgs) by extensions ['ros']
[1.157s] Level 1:colcon.colcon_core.package_identification:_identify(person_msgs) by extension 'ros'
[1.158s] DEBUG:colcon.colcon_core.package_identification:Package 'person_msgs' with type 'ros.ament_cmake' and name 'person_msgs'
[1.158s] Level 1:colcon.colcon_core.package_discovery:discover_packages(recursive) using defaults
[1.158s] Level 1:colcon.colcon_core.package_discovery:discover_packages(ignore) discover
[1.159s] Level 1:colcon.colcon_core.package_discovery:discover_packages(ignore) using defaults
[1.159s] Level 1:colcon.colcon_core.package_discovery:discover_packages(path) discover
[1.159s] Level 1:colcon.colcon_core.package_discovery:discover_packages(path) using defaults
[1.223s] Level 1:colcon.colcon_core.package_discovery:discover_packages(prefix_path) check parameters
[1.223s] Level 1:colcon.colcon_core.package_discovery:discover_packages(prefix_path) discover
[1.232s] DEBUG:colcon.colcon_installed_package_information.package_discovery:Found 2 installed packages in /home/rui810/ros2_ws/install
[1.235s] DEBUG:colcon.colcon_installed_package_information.package_discovery:Found 271 installed packages in /opt/ros/humble
[1.237s] Level 1:colcon.colcon_core.package_discovery:discover_packages(prefix_path) using defaults
[1.402s] Level 5:colcon.colcon_core.verb:set package 'person_msgs' build argument 'cmake_args' from command line to 'None'
[1.403s] Level 5:colcon.colcon_core.verb:set package 'person_msgs' build argument 'cmake_target' from command line to 'None'
[1.403s] Level 5:colcon.colcon_core.verb:set package 'person_msgs' build argument 'cmake_target_skip_unavailable' from command line to 'False'
[1.403s] Level 5:colcon.colcon_core.verb:set package 'person_msgs' build argument 'cmake_clean_cache' from command line to 'False'
[1.403s] Level 5:colcon.colcon_core.verb:set package 'person_msgs' build argument 'cmake_clean_first' from command line to 'False'
[1.403s] Level 5:colcon.colcon_core.verb:set package 'person_msgs' build argument 'cmake_force_configure' from command line to 'False'
[1.403s] Level 5:colcon.colcon_core.verb:set package 'person_msgs' build argument 'ament_cmake_args' from command line to 'None'
[1.403s] Level 5:colcon.colcon_core.verb:set package 'person_msgs' build argument 'catkin_cmake_args' from command line to 'None'
[1.403s] Level 5:colcon.colcon_core.verb:set package 'person_msgs' build argument 'catkin_skip_building_tests' from command line to 'False'
[1.403s] DEBUG:colcon.colcon_core.verb:Building package 'person_msgs' with the following arguments: {'ament_cmake_args': None, 'build_base': '/home/rui810/ros2_ws/src/build/person_msgs', 'catkin_cmake_args': None, 'catkin_skip_building_tests': False, 'cmake_args': None, 'cmake_clean_cache': False, 'cmake_clean_first': False, 'cmake_force_configure': False, 'cmake_target': None, 'cmake_target_skip_unavailable': False, 'install_base': '/home/rui810/ros2_ws/src/install/person_msgs', 'merge_install': False, 'path': '/home/rui810/ros2_ws/src/person_msgs', 'symlink_install': False, 'test_result_base': None}
[1.404s] Level 5:colcon.colcon_core.verb:set package 'mypkg' build argument 'cmake_args' from command line to 'None'
[1.404s] Level 5:colcon.colcon_core.verb:set package 'mypkg' build argument 'cmake_target' from command line to 'None'
[1.404s] Level 5:colcon.colcon_core.verb:set package 'mypkg' build argument 'cmake_target_skip_unavailable' from command line to 'False'
[1.404s] Level 5:colcon.colcon_core.verb:set package 'mypkg' build argument 'cmake_clean_cache' from command line to 'False'
[1.404s] Level 5:colcon.colcon_core.verb:set package 'mypkg' build argument 'cmake_clean_first' from command line to 'False'
[1.404s] Level 5:colcon.colcon_core.verb:set package 'mypkg' build argument 'cmake_force_configure' from command line to 'False'
[1.404s] Level 5:colcon.colcon_core.verb:set package 'mypkg' build argument 'ament_cmake_args' from command line to 'None'
[1.404s] Level 5:colcon.colcon_core.verb:set package 'mypkg' build argument 'catkin_cmake_args' from command line to 'None'
[1.404s] Level 5:colcon.colcon_core.verb:set package 'mypkg' build argument 'catkin_skip_building_tests' from command line to 'False'
[1.404s] DEBUG:colcon.colcon_core.verb:Building package 'mypkg' with the following arguments: {'ament_cmake_args': None, 'build_base': '/home/rui810/ros2_ws/src/build/mypkg', 'catkin_cmake_args': None, 'catkin_skip_building_tests': False, 'cmake_args': None, 'cmake_clean_cache': False, 'cmake_clean_first': False, 'cmake_force_configure': False, 'cmake_target': None, 'cmake_target_skip_unavailable': False, 'install_base': '/home/rui810/ros2_ws/src/install/mypkg', 'merge_install': False, 'path': '/home/rui810/ros2_ws/src/mypkg', 'symlink_install': False, 'test_result_base': None}
[1.404s] INFO:colcon.colcon_core.executor:Executing jobs using 'parallel' executor
[1.407s] DEBUG:colcon.colcon_parallel_executor.executor.parallel:run_until_complete
[1.407s] INFO:colcon.colcon_ros.task.ament_cmake.build:Building ROS package in '/home/rui810/ros2_ws/src/person_msgs' with build type 'ament_cmake'
[1.407s] INFO:colcon.colcon_cmake.task.cmake.build:Building CMake package in '/home/rui810/ros2_ws/src/person_msgs'
[1.422s] INFO:colcon.colcon_core.plugin_system:Skipping extension 'colcon_core.shell.bat': Not used on non-Windows systems
[1.422s] INFO:colcon.colcon_core.shell:Skip shell extension 'powershell' for command environment: Not usable outside of PowerShell
[1.422s] DEBUG:colcon.colcon_core.shell:Skip shell extension 'dsv' for command environment
[1.443s] DEBUG:colcon.colcon_core.event_handler.log_command:Invoking command in '/home/rui810/ros2_ws/src/build/person_msgs': CMAKE_PREFIX_PATH=${CMAKE_PREFIX_PATH}:/home/rui810/ros2_ws/install/mypkg:/opt/ros/humble CONDA_PROMPT_MODIFIER=(base) /usr/bin/cmake /home/rui810/ros2_ws/src/person_msgs -DCMAKE_INSTALL_PREFIX=/home/rui810/ros2_ws/src/install/person_msgs
[8.126s] DEBUG:colcon.colcon_core.event_handler.log_command:Invoked command in '/home/rui810/ros2_ws/src/build/person_msgs' returned '0': CMAKE_PREFIX_PATH=${CMAKE_PREFIX_PATH}:/home/rui810/ros2_ws/install/mypkg:/opt/ros/humble CONDA_PROMPT_MODIFIER=(base) /usr/bin/cmake /home/rui810/ros2_ws/src/person_msgs -DCMAKE_INSTALL_PREFIX=/home/rui810/ros2_ws/src/install/person_msgs
[8.130s] DEBUG:colcon.colcon_core.event_handler.log_command:Invoking command in '/home/rui810/ros2_ws/src/build/person_msgs': CMAKE_PREFIX_PATH=${CMAKE_PREFIX_PATH}:/home/rui810/ros2_ws/install/mypkg:/opt/ros/humble CONDA_PROMPT_MODIFIER=(base) /usr/bin/cmake --build /home/rui810/ros2_ws/src/build/person_msgs -- -j12 -l12
[13.506s] DEBUG:colcon.colcon_core.event_handler.log_command:Invoked command in '/home/rui810/ros2_ws/src/build/person_msgs' returned '0': CMAKE_PREFIX_PATH=${CMAKE_PREFIX_PATH}:/home/rui810/ros2_ws/install/mypkg:/opt/ros/humble CONDA_PROMPT_MODIFIER=(base) /usr/bin/cmake --build /home/rui810/ros2_ws/src/build/person_msgs -- -j12 -l12
[13.527s] DEBUG:colcon.colcon_core.event_handler.log_command:Invoking command in '/home/rui810/ros2_ws/src/build/person_msgs': CMAKE_PREFIX_PATH=${CMAKE_PREFIX_PATH}:/home/rui810/ros2_ws/install/mypkg:/opt/ros/humble CONDA_PROMPT_MODIFIER=(base) /usr/bin/cmake --install /home/rui810/ros2_ws/src/build/person_msgs
[13.704s] Level 1:colcon.colcon_core.environment:create_environment_scripts_only(person_msgs)
[13.704s] DEBUG:colcon.colcon_core.event_handler.log_command:Invoked command in '/home/rui810/ros2_ws/src/build/person_msgs' returned '0': CMAKE_PREFIX_PATH=${CMAKE_PREFIX_PATH}:/home/rui810/ros2_ws/install/mypkg:/opt/ros/humble CONDA_PROMPT_MODIFIER=(base) /usr/bin/cmake --install /home/rui810/ros2_ws/src/build/person_msgs
[13.718s] Level 1:colcon.colcon_core.environment:checking '/home/rui810/ros2_ws/src/install/person_msgs' for CMake module files
[13.719s] Level 1:colcon.colcon_core.environment:checking '/home/rui810/ros2_ws/src/install/person_msgs' for CMake config files
[13.720s] Level 1:colcon.colcon_core.shell:create_environment_hook('person_msgs', 'cmake_prefix_path')
[13.720s] INFO:colcon.colcon_core.shell:Creating environment hook '/home/rui810/ros2_ws/src/install/person_msgs/share/person_msgs/hook/cmake_prefix_path.ps1'
[13.722s] INFO:colcon.colcon_core.shell:Creating environment descriptor '/home/rui810/ros2_ws/src/install/person_msgs/share/person_msgs/hook/cmake_prefix_path.dsv'
[13.723s] INFO:colcon.colcon_core.shell:Creating environment hook '/home/rui810/ros2_ws/src/install/person_msgs/share/person_msgs/hook/cmake_prefix_path.sh'
[13.726s] Level 1:colcon.colcon_core.environment:checking '/home/rui810/ros2_ws/src/install/person_msgs/lib'
[13.726s] Level 1:colcon.colcon_core.shell:create_environment_hook('person_msgs', 'ld_library_path_lib')
[13.727s] INFO:colcon.colcon_core.shell:Creating environment hook '/home/rui810/ros2_ws/src/install/person_msgs/share/person_msgs/hook/ld_library_path_lib.ps1'
[13.727s] INFO:colcon.colcon_core.shell:Creating environment descriptor '/home/rui810/ros2_ws/src/install/person_msgs/share/person_msgs/hook/ld_library_path_lib.dsv'
[13.728s] INFO:colcon.colcon_core.shell:Creating environment hook '/home/rui810/ros2_ws/src/install/person_msgs/share/person_msgs/hook/ld_library_path_lib.sh'
[13.729s] Level 1:colcon.colcon_core.environment:checking '/home/rui810/ros2_ws/src/install/person_msgs/bin'
[13.729s] Level 1:colcon.colcon_core.environment:checking '/home/rui810/ros2_ws/src/install/person_msgs/lib/pkgconfig/person_msgs.pc'
[13.730s] Level 1:colcon.colcon_core.environment:checking '/home/rui810/ros2_ws/src/install/person_msgs/lib/python3.10/site-packages'
[13.730s] Level 1:colcon.colcon_core.environment:checking '/home/rui810/ros2_ws/src/install/person_msgs/bin'
[13.731s] INFO:colcon.colcon_core.shell:Creating package script '/home/rui810/ros2_ws/src/install/person_msgs/share/person_msgs/package.ps1'
[13.733s] INFO:colcon.colcon_core.shell:Creating package descriptor '/home/rui810/ros2_ws/src/install/person_msgs/share/person_msgs/package.dsv'
[13.735s] INFO:colcon.colcon_core.shell:Creating package script '/home/rui810/ros2_ws/src/install/person_msgs/share/person_msgs/package.sh'
[13.737s] INFO:colcon.colcon_core.shell:Creating package script '/home/rui810/ros2_ws/src/install/person_msgs/share/person_msgs/package.bash'
[13.739s] INFO:colcon.colcon_core.shell:Creating package script '/home/rui810/ros2_ws/src/install/person_msgs/share/person_msgs/package.zsh'
[13.741s] Level 1:colcon.colcon_core.environment:create_file_with_runtime_dependencies(/home/rui810/ros2_ws/src/install/person_msgs/share/colcon-core/packages/person_msgs)
[13.743s] Level 1:colcon.colcon_core.environment:create_environment_scripts_only(person_msgs)
[13.744s] Level 1:colcon.colcon_core.environment:checking '/home/rui810/ros2_ws/src/install/person_msgs' for CMake module files
[13.745s] Level 1:colcon.colcon_core.environment:checking '/home/rui810/ros2_ws/src/install/person_msgs' for CMake config files
[13.746s] Level 1:colcon.colcon_core.shell:create_environment_hook('person_msgs', 'cmake_prefix_path')
[13.746s] INFO:colcon.colcon_core.shell:Creating environment hook '/home/rui810/ros2_ws/src/install/person_msgs/share/person_msgs/hook/cmake_prefix_path.ps1'
[13.747s] INFO:colcon.colcon_core.shell:Creating environment descriptor '/home/rui810/ros2_ws/src/install/person_msgs/share/person_msgs/hook/cmake_prefix_path.dsv'
[13.748s] INFO:colcon.colcon_core.shell:Creating environment hook '/home/rui810/ros2_ws/src/install/person_msgs/share/person_msgs/hook/cmake_prefix_path.sh'
[13.749s] Level 1:colcon.colcon_core.environment:checking '/home/rui810/ros2_ws/src/install/person_msgs/lib'
[13.749s] Level 1:colcon.colcon_core.shell:create_environment_hook('person_msgs', 'ld_library_path_lib')
[13.749s] INFO:colcon.colcon_core.shell:Creating environment hook '/home/rui810/ros2_ws/src/install/person_msgs/share/person_msgs/hook/ld_library_path_lib.ps1'
[13.750s] INFO:colcon.colcon_core.shell:Creating environment descriptor '/home/rui810/ros2_ws/src/install/person_msgs/share/person_msgs/hook/ld_library_path_lib.dsv'
[13.751s] INFO:colcon.colcon_core.shell:Creating environment hook '/home/rui810/ros2_ws/src/install/person_msgs/share/person_msgs/hook/ld_library_path_lib.sh'
[13.751s] Level 1:colcon.colcon_core.environment:checking '/home/rui810/ros2_ws/src/install/person_msgs/bin'
[13.751s] Level 1:colcon.colcon_core.environment:checking '/home/rui810/ros2_ws/src/install/person_msgs/lib/pkgconfig/person_msgs.pc'
[13.752s] Level 1:colcon.colcon_core.environment:checking '/home/rui810/ros2_ws/src/install/person_msgs/lib/python3.10/site-packages'
[13.752s] Level 1:colcon.colcon_core.environment:checking '/home/rui810/ros2_ws/src/install/person_msgs/bin'
[13.753s] INFO:colcon.colcon_core.shell:Creating package script '/home/rui810/ros2_ws/src/install/person_msgs/share/person_msgs/package.ps1'
[13.754s] INFO:colcon.colcon_core.shell:Creating package descriptor '/home/rui810/ros2_ws/src/install/person_msgs/share/person_msgs/package.dsv'
[13.755s] INFO:colcon.colcon_core.shell:Creating package script '/home/rui810/ros2_ws/src/install/person_msgs/share/person_msgs/package.sh'
[13.756s] INFO:colcon.colcon_core.shell:Creating package script '/home/rui810/ros2_ws/src/install/person_msgs/share/person_msgs/package.bash'
[13.756s] INFO:colcon.colcon_core.shell:Creating package script '/home/rui810/ros2_ws/src/install/person_msgs/share/person_msgs/package.zsh'
[13.757s] Level 1:colcon.colcon_core.environment:create_file_with_runtime_dependencies(/home/rui810/ros2_ws/src/install/person_msgs/share/colcon-core/packages/person_msgs)
[13.758s] INFO:colcon.colcon_ros.task.ament_python.build:Building ROS package in '/home/rui810/ros2_ws/src/mypkg' with build type 'ament_python'
[13.758s] Level 1:colcon.colcon_core.shell:create_environment_hook('mypkg', 'ament_prefix_path')
[13.759s] INFO:colcon.colcon_core.shell:Creating environment hook '/home/rui810/ros2_ws/src/install/mypkg/share/mypkg/hook/ament_prefix_path.ps1'
[13.763s] INFO:colcon.colcon_core.shell:Creating environment descriptor '/home/rui810/ros2_ws/src/install/mypkg/share/mypkg/hook/ament_prefix_path.dsv'
[13.764s] INFO:colcon.colcon_core.shell:Creating environment hook '/home/rui810/ros2_ws/src/install/mypkg/share/mypkg/hook/ament_prefix_path.sh'
[13.766s] INFO:colcon.colcon_core.shell:Skip shell extension 'powershell' for command environment: Not usable outside of PowerShell
[13.766s] DEBUG:colcon.colcon_core.shell:Skip shell extension 'dsv' for command environment
[14.298s] INFO:colcon.colcon_core.task.python.build:Building Python package in '/home/rui810/ros2_ws/src/mypkg'
[14.299s] INFO:colcon.colcon_core.shell:Skip shell extension 'powershell' for command environment: Not usable outside of PowerShell
[14.299s] DEBUG:colcon.colcon_core.shell:Skip shell extension 'dsv' for command environment
[15.074s] DEBUG:colcon.colcon_core.event_handler.log_command:Invoking command in '/home/rui810/ros2_ws/src/mypkg': AMENT_PREFIX_PATH=/home/rui810/ros2_ws/src/install/person_msgs:${AMENT_PREFIX_PATH} CMAKE_PREFIX_PATH=/home/rui810/ros2_ws/src/install/person_msgs:${CMAKE_PREFIX_PATH} CONDA_PROMPT_MODIFIER=(base) LD_LIBRARY_PATH=/home/rui810/ros2_ws/src/install/person_msgs/lib:${LD_LIBRARY_PATH} PYTHONPATH=/home/rui810/ros2_ws/src/build/mypkg/prefix_override:/usr/lib/python3/dist-packages/colcon_core/task/python/colcon_distutils_commands:/home/rui810/ros2_ws/src/install/mypkg/lib/python3.10/site-packages:/home/rui810/ros2_ws/src/install/person_msgs/lib/python3.13/site-packages:${PYTHONPATH} /usr/bin/python3 -W ignore:setup.py install is deprecated -W ignore:easy_install command is deprecated setup.py egg_info --egg-base ../build/mypkg build --build-base /home/rui810/ros2_ws/src/build/mypkg/build install --record /home/rui810/ros2_ws/src/build/mypkg/install.log --single-version-externally-managed install_data
[15.596s] Level 1:colcon.colcon_core.environment:checking '/home/rui810/ros2_ws/src/install/mypkg' for CMake module files
[15.597s] DEBUG:colcon.colcon_core.event_handler.log_command:Invoked command in '/home/rui810/ros2_ws/src/mypkg' returned '0': AMENT_PREFIX_PATH=/home/rui810/ros2_ws/src/install/person_msgs:${AMENT_PREFIX_PATH} CMAKE_PREFIX_PATH=/home/rui810/ros2_ws/src/install/person_msgs:${CMAKE_PREFIX_PATH} CONDA_PROMPT_MODIFIER=(base) LD_LIBRARY_PATH=/home/rui810/ros2_ws/src/install/person_msgs/lib:${LD_LIBRARY_PATH} PYTHONPATH=/home/rui810/ros2_ws/src/build/mypkg/prefix_override:/usr/lib/python3/dist-packages/colcon_core/task/python/colcon_distutils_commands:/home/rui810/ros2_ws/src/install/mypkg/lib/python3.10/site-packages:/home/rui810/ros2_ws/src/install/person_msgs/lib/python3.13/site-packages:${PYTHONPATH} /usr/bin/python3 -W ignore:setup.py install is deprecated -W ignore:easy_install command is deprecated setup.py egg_info --egg-base ../build/mypkg build --build-base /home/rui810/ros2_ws/src/build/mypkg/build install --record /home/rui810/ros2_ws/src/build/mypkg/install.log --single-version-externally-managed install_data
[15.598s] Level 1:colcon.colcon_core.environment:checking '/home/rui810/ros2_ws/src/install/mypkg' for CMake config files
[15.599s] Level 1:colcon.colcon_core.environment:checking '/home/rui810/ros2_ws/src/install/mypkg/lib'
[15.599s] Level 1:colcon.colcon_core.environment:checking '/home/rui810/ros2_ws/src/install/mypkg/bin'
[15.600s] Level 1:colcon.colcon_core.environment:checking '/home/rui810/ros2_ws/src/install/mypkg/lib/pkgconfig/mypkg.pc'
[15.600s] Level 1:colcon.colcon_core.environment:checking '/home/rui810/ros2_ws/src/install/mypkg/lib/python3.10/site-packages'
[15.600s] Level 1:colcon.colcon_core.shell:create_environment_hook('mypkg', 'pythonpath')
[15.601s] INFO:colcon.colcon_core.shell:Creating environment hook '/home/rui810/ros2_ws/src/install/mypkg/share/mypkg/hook/pythonpath.ps1'
[15.602s] INFO:colcon.colcon_core.shell:Creating environment descriptor '/home/rui810/ros2_ws/src/install/mypkg/share/mypkg/hook/pythonpath.dsv'
[15.603s] INFO:colcon.colcon_core.shell:Creating environment hook '/home/rui810/ros2_ws/src/install/mypkg/share/mypkg/hook/pythonpath.sh'
[15.604s] Level 1:colcon.colcon_core.environment:checking '/home/rui810/ros2_ws/src/install/mypkg/bin'
[15.604s] Level 1:colcon.colcon_core.environment:create_environment_scripts_only(mypkg)
[15.605s] INFO:colcon.colcon_core.shell:Creating package script '/home/rui810/ros2_ws/src/install/mypkg/share/mypkg/package.ps1'
[15.606s] INFO:colcon.colcon_core.shell:Creating package descriptor '/home/rui810/ros2_ws/src/install/mypkg/share/mypkg/package.dsv'
[15.606s] INFO:colcon.colcon_core.shell:Creating package script '/home/rui810/ros2_ws/src/install/mypkg/share/mypkg/package.sh'
[15.608s] INFO:colcon.colcon_core.shell:Creating package script '/home/rui810/ros2_ws/src/install/mypkg/share/mypkg/package.bash'
[15.608s] INFO:colcon.colcon_core.shell:Creating package script '/home/rui810/ros2_ws/src/install/mypkg/share/mypkg/package.zsh'
[15.609s] Level 1:colcon.colcon_core.environment:create_file_with_runtime_dependencies(/home/rui810/ros2_ws/src/install/mypkg/share/colcon-core/packages/mypkg)
[15.611s] DEBUG:colcon.colcon_parallel_executor.executor.parallel:closing loop
[15.611s] DEBUG:colcon.colcon_parallel_executor.executor.parallel:loop closed
[15.611s] DEBUG:colcon.colcon_parallel_executor.executor.parallel:run_until_complete finished with '0'
[15.611s] DEBUG:colcon.colcon_core.event_reactor:joining thread
[15.674s] INFO:colcon.colcon_core.plugin_system:Skipping extension 'colcon_notification.desktop_notification.notify_send': Could not find 'notify-send'
[15.675s] INFO:colcon.colcon_core.plugin_system:Skipping extension 'colcon_notification.desktop_notification.terminal_notifier': Not used on non-Darwin systems
[15.675s] INFO:colcon.colcon_core.plugin_system:Skipping extension 'colcon_notification.desktop_notification.win32': Not used on non-Windows systems
[15.675s] INFO:colcon.colcon_notification.desktop_notification:Sending desktop notification using 'notify2'
[15.679s] DEBUG:colcon.colcon_notification.desktop_notification.notify2:Failed to initialize notify2: org.freedesktop.DBus.Error.ServiceUnknown: The name org.freedesktop.Notifications was not provided by any .service files
[15.679s] DEBUG:colcon.colcon_core.event_reactor:joined thread
[15.680s] INFO:colcon.colcon_core.shell:Creating prefix script '/home/rui810/ros2_ws/src/install/local_setup.ps1'
[15.682s] INFO:colcon.colcon_core.shell:Creating prefix util module '/home/rui810/ros2_ws/src/install/_local_setup_util_ps1.py'
[15.685s] INFO:colcon.colcon_core.shell:Creating prefix chain script '/home/rui810/ros2_ws/src/install/setup.ps1'
[15.688s] INFO:colcon.colcon_core.shell:Creating prefix script '/home/rui810/ros2_ws/src/install/local_setup.sh'
[15.690s] INFO:colcon.colcon_core.shell:Creating prefix util module '/home/rui810/ros2_ws/src/install/_local_setup_util_sh.py'
[15.691s] INFO:colcon.colcon_core.shell:Creating prefix chain script '/home/rui810/ros2_ws/src/install/setup.sh'
[15.694s] INFO:colcon.colcon_core.shell:Creating prefix script '/home/rui810/ros2_ws/src/install/local_setup.bash'
[15.695s] INFO:colcon.colcon_core.shell:Creating prefix chain script '/home/rui810/ros2_ws/src/install/setup.bash'
[15.698s] INFO:colcon.colcon_core.shell:Creating prefix script '/home/rui810/ros2_ws/src/install/local_setup.zsh'
[15.699s] INFO:colcon.colcon_core.shell:Creating prefix chain script '/home/rui810/ros2_ws/src/install/setup.zsh'
