[1.313s] Invoking command in '/home/rui810/ros2_ws/src/mypkg': AMENT_PREFIX_PATH=/home/rui810/ros2_ws/src/install/person_msgs:${AMENT_PREFIX_PATH} CMAKE_PREFIX_PATH=/home/rui810/ros2_ws/src/install/person_msgs:${CMAKE_PREFIX_PATH} CONDA_PROMPT_MODIFIER=(base) LD_LIBRARY_PATH=/home/rui810/ros2_ws/src/install/person_msgs/lib:${LD_LIBRARY_PATH} PYTHONPATH=/home/rui810/ros2_ws/src/build/mypkg/prefix_override:/usr/lib/python3/dist-packages/colcon_core/task/python/colcon_distutils_commands:/home/rui810/ros2_ws/src/install/mypkg/lib/python3.10/site-packages:/home/rui810/ros2_ws/src/install/person_msgs/lib/python3.13/site-packages:${PYTHONPATH} /usr/bin/python3 -W ignore:setup.py install is deprecated -W ignore:easy_install command is deprecated setup.py egg_info --egg-base ../build/mypkg build --build-base /home/rui810/ros2_ws/src/build/mypkg/build install --record /home/rui810/ros2_ws/src/build/mypkg/install.log --single-version-externally-managed install_data
[1.715s] running egg_info
[1.716s] creating ../build/mypkg/mypkg.egg-info
[1.717s] writing ../build/mypkg/mypkg.egg-info/PKG-INFO
[1.717s] writing dependency_links to ../build/mypkg/mypkg.egg-info/dependency_links.txt
[1.718s] writing entry points to ../build/mypkg/mypkg.egg-info/entry_points.txt
[1.718s] writing requirements to ../build/mypkg/mypkg.egg-info/requires.txt
[1.719s] writing top-level names to ../build/mypkg/mypkg.egg-info/top_level.txt
[1.719s] writing manifest file '../build/mypkg/mypkg.egg-info/SOURCES.txt'
[1.722s] reading manifest file '../build/mypkg/mypkg.egg-info/SOURCES.txt'
[1.723s] writing manifest file '../build/mypkg/mypkg.egg-info/SOURCES.txt'
[1.723s] running build
[1.723s] running build_py
[1.724s] creating /home/rui810/ros2_ws/src/build/mypkg/build
[1.725s] creating /home/rui810/ros2_ws/src/build/mypkg/build/lib
[1.725s] creating /home/rui810/ros2_ws/src/build/mypkg/build/lib/mypkg
[1.726s] copying mypkg/listener.py -> /home/rui810/ros2_ws/src/build/mypkg/build/lib/mypkg
[1.726s] copying mypkg/talker.py -> /home/rui810/ros2_ws/src/build/mypkg/build/lib/mypkg
[1.727s] copying mypkg/__init__.py -> /home/rui810/ros2_ws/src/build/mypkg/build/lib/mypkg
[1.727s] running install
[1.727s] running install_lib
[1.729s] creating /home/rui810/ros2_ws/src/install/mypkg/lib/python3.10/site-packages/mypkg
[1.729s] copying /home/rui810/ros2_ws/src/build/mypkg/build/lib/mypkg/listener.py -> /home/rui810/ros2_ws/src/install/mypkg/lib/python3.10/site-packages/mypkg
[1.730s] copying /home/rui810/ros2_ws/src/build/mypkg/build/lib/mypkg/talker.py -> /home/rui810/ros2_ws/src/install/mypkg/lib/python3.10/site-packages/mypkg
[1.731s] copying /home/rui810/ros2_ws/src/build/mypkg/build/lib/mypkg/__init__.py -> /home/rui810/ros2_ws/src/install/mypkg/lib/python3.10/site-packages/mypkg
[1.732s] byte-compiling /home/rui810/ros2_ws/src/install/mypkg/lib/python3.10/site-packages/mypkg/listener.py to listener.cpython-310.pyc
[1.733s] byte-compiling /home/rui810/ros2_ws/src/install/mypkg/lib/python3.10/site-packages/mypkg/talker.py to talker.cpython-310.pyc
[1.735s] byte-compiling /home/rui810/ros2_ws/src/install/mypkg/lib/python3.10/site-packages/mypkg/__init__.py to __init__.cpython-310.pyc
[1.735s] running install_data
[1.735s] creating /home/rui810/ros2_ws/src/install/mypkg/share/ament_index
[1.736s] creating /home/rui810/ros2_ws/src/install/mypkg/share/ament_index/resource_index
[1.736s] creating /home/rui810/ros2_ws/src/install/mypkg/share/ament_index/resource_index/packages
[1.737s] copying resource/mypkg -> /home/rui810/ros2_ws/src/install/mypkg/share/ament_index/resource_index/packages
[1.738s] copying package.xml -> /home/rui810/ros2_ws/src/install/mypkg/share/mypkg
[1.739s] running install_egg_info
[1.741s] Copying ../build/mypkg/mypkg.egg-info to /home/rui810/ros2_ws/src/install/mypkg/lib/python3.10/site-packages/mypkg-0.0.0-py3.10.egg-info
[1.744s] running install_scripts
[1.789s] Installing listener script to /home/rui810/ros2_ws/src/install/mypkg/lib/mypkg
[1.789s] Installing talker script to /home/rui810/ros2_ws/src/install/mypkg/lib/mypkg
[1.790s] writing list of installed files to '/home/rui810/ros2_ws/src/build/mypkg/install.log'
[1.836s] Invoked command in '/home/rui810/ros2_ws/src/mypkg' returned '0': AMENT_PREFIX_PATH=/home/rui810/ros2_ws/src/install/person_msgs:${AMENT_PREFIX_PATH} CMAKE_PREFIX_PATH=/home/rui810/ros2_ws/src/install/person_msgs:${CMAKE_PREFIX_PATH} CONDA_PROMPT_MODIFIER=(base) LD_LIBRARY_PATH=/home/rui810/ros2_ws/src/install/person_msgs/lib:${LD_LIBRARY_PATH} PYTHONPATH=/home/rui810/ros2_ws/src/build/mypkg/prefix_override:/usr/lib/python3/dist-packages/colcon_core/task/python/colcon_distutils_commands:/home/rui810/ros2_ws/src/install/mypkg/lib/python3.10/site-packages:/home/rui810/ros2_ws/src/install/person_msgs/lib/python3.13/site-packages:${PYTHONPATH} /usr/bin/python3 -W ignore:setup.py install is deprecated -W ignore:easy_install command is deprecated setup.py egg_info --egg-base ../build/mypkg build --build-base /home/rui810/ros2_ws/src/build/mypkg/build install --record /home/rui810/ros2_ws/src/build/mypkg/install.log --single-version-externally-managed install_data
